[2026-06-14T06:29:16.165903Z] Digital STA PostFill Agent
workflow_id=51309899-ca8a-4d6b-9dea-fe920ed5245a
workflow_dir=/root/chiploop-backend/artifacts/3c6dfa47-ba1d-4be5-857c-c60b38fc0ff6/51309899-ca8a-4d6b-9dea-fe920ed5245a/dcd843f9-fbf5-4346-87d3-d80a96d61c3d/digital
upstream_sdc=/root/chiploop-backend/artifacts/3c6dfa47-ba1d-4be5-857c-c60b38fc0ff6/51309899-ca8a-4d6b-9dea-fe920ed5245a/dcd843f9-fbf5-4346-87d3-d80a96d61c3d/digital/digital/fill/constraints/top.sdc
sdc_basename=top.sdc
stage_sdc=/root/chiploop-backend/artifacts/3c6dfa47-ba1d-4be5-857c-c60b38fc0ff6/51309899-ca8a-4d6b-9dea-fe920ed5245a/dcd843f9-fbf5-4346-87d3-d80a96d61c3d/digital/digital/run_work/inputs/constraints/top.sdc
base_cfg_path=/root/chiploop-backend/artifacts/3c6dfa47-ba1d-4be5-857c-c60b38fc0ff6/51309899-ca8a-4d6b-9dea-fe920ed5245a/dcd843f9-fbf5-4346-87d3-d80a96d61c3d/digital/digital/fill/config.json
run_work_dir=/root/chiploop-backend/artifacts/3c6dfa47-ba1d-4be5-857c-c60b38fc0ff6/51309899-ca8a-4d6b-9dea-fe920ed5245a/dcd843f9-fbf5-4346-87d3-d80a96d61c3d/digital/digital/run_work
run_tag=System_PD_51309899-ca8a-4d6b-9dea-fe920ed5245a
top_module=temp_monitor_soc_phys
verilog_files_mode=inherited_from_base_config
verilog_files=inputs/netlist/temp_monitor_soc_phys_synth.v
resolved_postfill_netlist=/root/chiploop-backend/artifacts/3c6dfa47-ba1d-4be5-857c-c60b38fc0ff6/51309899-ca8a-4d6b-9dea-fe920ed5245a/dcd843f9-fbf5-4346-87d3-d80a96d61c3d/digital/digital/route/netlist/temp_monitor_soc_phys.nl.v
staged_postfill_netlist=None
resolved_postfill_spef=None
staged_postfill_spef=None
macro_lef_count=1
macro_lib_count=1
macro_gds_count=1
macro_placement_cfg=dir::inputs/macros/macro_placement.cfg
macro_placement_cfg_path=/root/chiploop-backend/artifacts/3c6dfa47-ba1d-4be5-857c-c60b38fc0ff6/51309899-ca8a-4d6b-9dea-fe920ed5245a/dcd843f9-fbf5-4346-87d3-d80a96d61c3d/digital/digital/run_work/sta_postfill/inputs/macros/macro_placement.cfg
