[2026-06-16T04:44:47.578922Z] Digital Implementation Setup Agent
workflow_id=e6ffce8d-17d7-4511-aae3-34c953406829
workflow_dir=/root/chiploop-backend/artifacts/3c6dfa47-ba1d-4be5-857c-c60b38fc0ff6/e6ffce8d-17d7-4511-aae3-34c953406829/aea4e7a4-8d37-486d-86c2-cd3dcc00ee22/digital
profile_path=/root/chiploop-backend/artifacts/3c6dfa47-ba1d-4be5-857c-c60b38fc0ff6/e6ffce8d-17d7-4511-aae3-34c953406829/aea4e7a4-8d37-486d-86c2-cd3dcc00ee22/digital/digital/foundry/foundry_profile.json
spec_json=None
top_module=top
rtl_count=4
clock_port=clk
reset_name=reset_n
clock_mhz=200.0
clock_period_ns=5.0
clock_intent={"type": "digital_clock_intent", "clocks": [{"name": "clk", "port": "clk", "frequency_mhz": 200.0, "period_ns": 5.0, "source": "rtl_port_inference", "needs_user_frequency": false}], "resets": [{"name": "reset_n", "port": "reset_n", "active_low": true, "source": "rtl_port_inference"}], "primary_clock": "clk", "primary_reset": "reset_n", "needs_user_review": false, "provenance": {"requested": true, "sdc_clocks": 0, "spec_clocks": 0, "rtl_clocks": 1, "spec_resets": 0, "rtl_resets": 1}}
request_target_frequency_mhz=None
request_constraints_sdc_present=False
upstream_sdc=None
sdc_source=request_clock_constraints
sdc_basename=top.sdc
canonical_sdc=/root/chiploop-backend/artifacts/3c6dfa47-ba1d-4be5-857c-c60b38fc0ff6/e6ffce8d-17d7-4511-aae3-34c953406829/aea4e7a4-8d37-486d-86c2-cd3dcc00ee22/digital/digital/impl_setup/constraints/top.sdc
filelist=/root/chiploop-backend/artifacts/3c6dfa47-ba1d-4be5-857c-c60b38fc0ff6/e6ffce8d-17d7-4511-aae3-34c953406829/aea4e7a4-8d37-486d-86c2-cd3dcc00ee22/digital/digital/impl_setup/filelist.f
pdk=sky130A
pdk_root=/root/chiploop-backend/backend/pdk
openlane_cfg=/root/chiploop-backend/artifacts/3c6dfa47-ba1d-4be5-857c-c60b38fc0ff6/e6ffce8d-17d7-4511-aae3-34c953406829/aea4e7a4-8d37-486d-86c2-cd3dcc00ee22/digital/digital/impl_setup/openlane/config.json
corners=/root/chiploop-backend/artifacts/3c6dfa47-ba1d-4be5-857c-c60b38fc0ff6/e6ffce8d-17d7-4511-aae3-34c953406829/aea4e7a4-8d37-486d-86c2-cd3dcc00ee22/digital/digital/impl_setup/corners.json
