before
after
end initialazition
iLastUndetectedFault=1649
iLastUndetectedFault=1648
iLastUndetectedFault=1647
iLastUndetectedFault=1645
iLastUndetectedFault=1642
iLastUndetectedFault=1641
iLastUndetectedFault=1639
iLastUndetectedFault=1637
iLastUndetectedFault=1635
iLastUndetectedFault=1632
iLastUndetectedFault=1631
iLastUndetectedFault=1629
iLastUndetectedFault=1625
iLastUndetectedFault=1623
iLastUndetectedFault=1621
iLastUndetectedFault=1619
iLastUndetectedFault=1617
iLastUndetectedFault=1615
iLastUndetectedFault=1613
iLastUndetectedFault=1611
iLastUndetectedFault=1609
iLastUndetectedFault=1607
iLastUndetectedFault=1606
iLastUndetectedFault=1605
iLastUndetectedFault=1603
iLastUndetectedFault=1601
iLastUndetectedFault=1599
iLastUndetectedFault=1597
iLastUndetectedFault=1595
iLastUndetectedFault=1593
iLastUndetectedFault=1591
iLastUndetectedFault=1589
iLastUndetectedFault=1587
iLastUndetectedFault=1585
iLastUndetectedFault=1581
iLastUndetectedFault=1579
iLastUndetectedFault=1577
iLastUndetectedFault=1575
iLastUndetectedFault=1573
iLastUndetectedFault=1571
iLastUndetectedFault=1569
iLastUndetectedFault=1567
iLastUndetectedFault=1565
iLastUndetectedFault=1563
iLastUndetectedFault=1561
iLastUndetectedFault=1559
iLastUndetectedFault=1555
iLastUndetectedFault=1553
iLastUndetectedFault=1551
iLastUndetectedFault=1549
iLastUndetectedFault=1547
iLastUndetectedFault=1545
iLastUndetectedFault=1541
iLastUndetectedFault=1539
iLastUndetectedFault=1537
iLastUndetectedFault=1535
iLastUndetectedFault=1533
iLastUndetectedFault=1531
iLastUndetectedFault=1529
iLastUndetectedFault=1527
iLastUndetectedFault=1525
iLastUndetectedFault=1523
iLastUndetectedFault=1521
iLastUndetectedFault=1519
iLastUndetectedFault=1517
iLastUndetectedFault=1516
iLastUndetectedFault=1515
iLastUndetectedFault=1513
iLastUndetectedFault=1511
iLastUndetectedFault=1509
iLastUndetectedFault=1507
iLastUndetectedFault=1505
iLastUndetectedFault=1503
iLastUndetectedFault=1501
iLastUndetectedFault=1497
iLastUndetectedFault=1495
iLastUndetectedFault=1490
iLastUndetectedFault=1487
iLastUndetectedFault=1486
iLastUndetectedFault=1484
iLastUndetectedFault=1473
iLastUndetectedFault=1471
iLastUndetectedFault=1469
iLastUndetectedFault=1468
iLastUndetectedFault=1467
iLastUndetectedFault=1464
iLastUndetectedFault=1463
iLastUndetectedFault=1462
iLastUndetectedFault=1457
iLastUndetectedFault=1455
iLastUndetectedFault=1451
iLastUndetectedFault=1450
iLastUndetectedFault=1449
iLastUndetectedFault=1447
iLastUndetectedFault=1446
iLastUndetectedFault=1441
iLastUndetectedFault=1439
iLastUndetectedFault=1437
iLastUndetectedFault=1435
iLastUndetectedFault=1434
iLastUndetectedFault=1429
iLastUndetectedFault=1428
iLastUndetectedFault=1426
iLastUndetectedFault=1420
iLastUndetectedFault=1417
iLastUndetectedFault=1414
iLastUndetectedFault=1409
iLastUndetectedFault=1407
iLastUndetectedFault=1406
iLastUndetectedFault=1404
iLastUndetectedFault=1402
iLastUndetectedFault=1397
iLastUndetectedFault=1394
iLastUndetectedFault=1393
iLastUndetectedFault=1391
iLastUndetectedFault=1390
iLastUndetectedFault=1389
iLastUndetectedFault=1381
iLastUndetectedFault=1380
iLastUndetectedFault=1379
iLastUndetectedFault=1378
iLastUndetectedFault=1375
iLastUndetectedFault=1374
iLastUndetectedFault=1371
iLastUndetectedFault=1370
iLastUndetectedFault=1369
iLastUndetectedFault=1366
iLastUndetectedFault=1365
iLastUndetectedFault=1364
iLastUndetectedFault=1362
iLastUndetectedFault=1361
iLastUndetectedFault=1321
iLastUndetectedFault=1313
iLastUndetectedFault=1305
iLastUndetectedFault=1299
iLastUndetectedFault=1294
iLastUndetectedFault=1292
iLastUndetectedFault=1291
iLastUndetectedFault=1290
iLastUndetectedFault=1285
iLastUndetectedFault=1277
iLastUndetectedFault=1276
iLastUndetectedFault=1275
iLastUndetectedFault=1268
iLastUndetectedFault=1267
iLastUndetectedFault=1266
iLastUndetectedFault=1265
iLastUndetectedFault=1264
iLastUndetectedFault=1260
iLastUndetectedFault=1258
iLastUndetectedFault=1257
iLastUndetectedFault=1256
iLastUndetectedFault=1255
iLastUndetectedFault=1251
iLastUndetectedFault=1250
iLastUndetectedFault=1249
iLastUndetectedFault=1248
iLastUndetectedFault=1246
iLastUndetectedFault=1245
iLastUndetectedFault=1244
iLastUndetectedFault=1243
iLastUndetectedFault=1239
iLastUndetectedFault=1235
iLastUndetectedFault=1234
iLastUndetectedFault=1233
iLastUndetectedFault=1228
iLastUndetectedFault=1223
iLastUndetectedFault=1222
iLastUndetectedFault=1221
iLastUndetectedFault=1217
iLastUndetectedFault=1216
iLastUndetectedFault=1215
iLastUndetectedFault=1212
iLastUndetectedFault=1211
iLastUndetectedFault=1209
iLastUndetectedFault=1208
iLastUndetectedFault=1207
iLastUndetectedFault=1201
iLastUndetectedFault=1198
iLastUndetectedFault=1194
iLastUndetectedFault=1193
iLastUndetectedFault=1186
iLastUndetectedFault=1185
iLastUndetectedFault=1178
iLastUndetectedFault=1177
iLastUndetectedFault=1173
iLastUndetectedFault=1170
iLastUndetectedFault=1169
iLastUndetectedFault=1165
iLastUndetectedFault=1162
iLastUndetectedFault=1161
iLastUndetectedFault=1157
iLastUndetectedFault=1153
iLastUndetectedFault=1149
iLastUndetectedFault=1145
iLastUndetectedFault=1141
iLastUndetectedFault=1140
iLastUndetectedFault=1138
iLastUndetectedFault=1137
iLastUndetectedFault=1133
iLastUndetectedFault=1129
iLastUndetectedFault=1125
iLastUndetectedFault=1124
iLastUndetectedFault=1122
iLastUndetectedFault=1121
iLastUndetectedFault=1117
iLastUndetectedFault=1116
iLastUndetectedFault=1114
iLastUndetectedFault=1113
iLastUndetectedFault=1109
iLastUndetectedFault=1105
iLastUndetectedFault=1097
iLastUndetectedFault=1093
iLastUndetectedFault=1091
iLastUndetectedFault=1087
iLastUndetectedFault=1080
iLastUndetectedFault=1079
iLastUndetectedFault=1078
iLastUndetectedFault=1077
iLastUndetectedFault=1073
iLastUndetectedFault=1062
iLastUndetectedFault=1061
iLastUndetectedFault=1054
iLastUndetectedFault=1046
iLastUndetectedFault=1041
iLastUndetectedFault=1039
iLastUndetectedFault=1037
iLastUndetectedFault=1034
iLastUndetectedFault=1030
iLastUndetectedFault=1029
iLastUndetectedFault=1028
iLastUndetectedFault=1027
iLastUndetectedFault=1026
iLastUndetectedFault=1025
iLastUndetectedFault=1018
iLastUndetectedFault=1016
iLastUndetectedFault=1015
iLastUndetectedFault=988
iLastUndetectedFault=986
iLastUndetectedFault=985
iLastUndetectedFault=984
iLastUndetectedFault=983
iLastUndetectedFault=982
iLastUndetectedFault=981
iLastUndetectedFault=979
iLastUndetectedFault=974
iLastUndetectedFault=972
iLastUndetectedFault=969
iLastUndetectedFault=964
iLastUndetectedFault=962
iLastUndetectedFault=948
iLastUndetectedFault=947
iLastUndetectedFault=945
iLastUndetectedFault=944
iLastUndetectedFault=943
iLastUndetectedFault=942
iLastUndetectedFault=940
iLastUndetectedFault=938
iLastUndetectedFault=937
iLastUndetectedFault=936
iLastUndetectedFault=934
iLastUndetectedFault=933
iLastUndetectedFault=911
iLastUndetectedFault=899
iLastUndetectedFault=895
iLastUndetectedFault=894
iLastUndetectedFault=880
iLastUndetectedFault=879
iLastUndetectedFault=877
iLastUndetectedFault=876
iLastUndetectedFault=875
iLastUndetectedFault=854
iLastUndetectedFault=831
iLastUndetectedFault=827
iLastUndetectedFault=822
iLastUndetectedFault=819
iLastUndetectedFault=818
iLastUndetectedFault=816
iLastUndetectedFault=808
iLastUndetectedFault=772
iLastUndetectedFault=769
iLastUndetectedFault=765
iLastUndetectedFault=753
iLastUndetectedFault=752
iLastUndetectedFault=751
iLastUndetectedFault=746
iLastUndetectedFault=744
iLastUndetectedFault=732
iLastUndetectedFault=717
iLastUndetectedFault=702
iLastUndetectedFault=698
iLastUndetectedFault=689
iLastUndetectedFault=687
iLastUndetectedFault=686
iLastUndetectedFault=685
iLastUndetectedFault=676
iLastUndetectedFault=675
iLastUndetectedFault=671
iLastUndetectedFault=670
iLastUndetectedFault=656
iLastUndetectedFault=649
iLastUndetectedFault=643
iLastUndetectedFault=639
iLastUndetectedFault=633
iLastUndetectedFault=620
iLastUndetectedFault=615
iLastUndetectedFault=612
iLastUndetectedFault=607
iLastUndetectedFault=604
iLastUndetectedFault=600
iLastUndetectedFault=596
iLastUndetectedFault=591
iLastUndetectedFault=588
iLastUndetectedFault=583
iLastUndetectedFault=580
iLastUndetectedFault=576
iLastUndetectedFault=572
iLastUndetectedFault=563
iLastUndetectedFault=552
iLastUndetectedFault=547
iLastUndetectedFault=544
iLastUndetectedFault=536
iLastUndetectedFault=532
iLastUndetectedFault=528
iLastUndetectedFault=409
iLastUndetectedFault=382
iLastUndetectedFault=342
iLastUndetectedFault=334
iLastUndetectedFault=326
iLastUndetectedFault=318
iLastUndetectedFault=306
iLastUndetectedFault=304
iLastUndetectedFault=302
iLastUndetectedFault=300
iLastUndetectedFault=297
iLastUndetectedFault=296
iLastUndetectedFault=295
iLastUndetectedFault=269
iLastUndetectedFault=268
iLastUndetectedFault=266
iLastUndetectedFault=264
iLastUndetectedFault=259
iLastUndetectedFault=258
iLastUndetectedFault=257
iLastUndetectedFault=255
iLastUndetectedFault=254
iLastUndetectedFault=248
iLastUndetectedFault=247
iLastUndetectedFault=246
iLastUndetectedFault=244
iLastUndetectedFault=242
iLastUndetectedFault=241
iLastUndetectedFault=239
iLastUndetectedFault=238
iLastUndetectedFault=236
iLastUndetectedFault=233
iLastUndetectedFault=232
iLastUndetectedFault=230
iLastUndetectedFault=228
iLastUndetectedFault=216
iLastUndetectedFault=214
iLastUndetectedFault=209
iLastUndetectedFault=208
iLastUndetectedFault=207
iLastUndetectedFault=205
iLastUndetectedFault=204
iLastUndetectedFault=202
iLastUndetectedFault=200
iLastUndetectedFault=195
iLastUndetectedFault=192
iLastUndetectedFault=190
iLastUndetectedFault=187
iLastUndetectedFault=185
iLastUndetectedFault=184
iLastUndetectedFault=177
iLastUndetectedFault=175
iLastUndetectedFault=174
iLastUndetectedFault=173
iLastUndetectedFault=167
iLastUndetectedFault=166
iLastUndetectedFault=164
iLastUndetectedFault=162
iLastUndetectedFault=157
iLastUndetectedFault=153
iLastUndetectedFault=152
iLastUndetectedFault=150
iLastUndetectedFault=148
iLastUndetectedFault=147
iLastUndetectedFault=146
iLastUndetectedFault=144
iLastUndetectedFault=142
iLastUndetectedFault=135
iLastUndetectedFault=134
iLastUndetectedFault=132
iLastUndetectedFault=131
iLastUndetectedFault=129
iLastUndetectedFault=127
iLastUndetectedFault=122
iLastUndetectedFault=121
iLastUndetectedFault=120
iLastUndetectedFault=118
iLastUndetectedFault=117
iLastUndetectedFault=115
iLastUndetectedFault=113
iLastUndetectedFault=108
iLastUndetectedFault=107
iLastUndetectedFault=106
iLastUndetectedFault=104
iLastUndetectedFault=103
iLastUndetectedFault=101
iLastUndetectedFault=99
iLastUndetectedFault=94
iLastUndetectedFault=92
iLastUndetectedFault=90
iLastUndetectedFault=89
iLastUndetectedFault=87
iLastUndetectedFault=85
iLastUndetectedFault=80
iLastUndetectedFault=79
iLastUndetectedFault=78
iLastUndetectedFault=76
iLastUndetectedFault=75
iLastUndetectedFault=73
iLastUndetectedFault=71
iLastUndetectedFault=66
iLastUndetectedFault=65
iLastUndetectedFault=64
iLastUndetectedFault=62
iLastUndetectedFault=61
iLastUndetectedFault=59
iLastUndetectedFault=57
iLastUndetectedFault=52
iLastUndetectedFault=48
iLastUndetectedFault=47
109 109 109 109 109 	*******************************************************
	*                                                     *
	*          Welcome to atalanta (version 2.0)          *
	*                                                     *
	*               Dong S. Ha (ha@vt.edu)                *
	*            Web: http://www.ee.vt.edu/ha             *
	*  Virginia Polytechnic Institute & State University  *
	*                                                     *
	*******************************************************

******   SUMMARY OF TEST PATTERN GENERATION RESULTS   ******
1. Circuit structure
   Name of the circuit                       : Auto-generated_full-scan_combinational_model_for_Atalanta
   Number of primary inputs                  : 109
   Number of primary outputs                 : 84
   Number of gates                           : 647
   Level of the circuit                      : 28

2. ATPG parameters
   Test pattern generation Mode              : RPT + DTPG + TC
   Limit of random patterns (packets)        : 16
   Backtrack limit                           : 10
   Initial random number generator seed      : 1781418219
   Test pattern compaction Mode              : REVERSE + SHUFFLE 
   Limit of shuffling compaction             : 2
   Number of shuffles                        : 6

3. Test pattern generation results
   Number of test patterns before compaction : 415
   Number of test patterns after compaction  : 322
   Fault coverage                            : 98.970 %
   Number of collapsed faults                : 1650
   Number of identified redundant faults     : 6
   Number of aborted faults                  : 11
   Total number of backtrackings             : 149

4. Memory used                               : 0.000 MB

5. CPU time
   Initialization                            : 0.000 Secs
   Fault simulation                          : 0.050 Secs
   FAN                                       : 0.000 Secs
   Total                                     : 0.050 Secs
