OpenROAD edf00dff99f6c40d67a30c0e22a8191c5d2ed9d6 
Features included (+) or not (-): +Charts +GPU +GUI +Python
This program is licensed under the BSD-3 license. See the LICENSE file for details.
Components of this program may be licensed under more restrictive licenses which must be honored.
[INFO ODB-0227] LEF file: /pdk/sky130A/libs.ref/sky130_fd_sc_hd/techlef/sky130_fd_sc_hd__nom.tlef, created 13 layers, 25 vias
[WARNING ODB-0220] WARNING (LEFPARS-2008): NOWIREEXTENSIONATPIN statement is obsolete in version 5.6 or later.
The NOWIREEXTENSIONATPIN statement will be ignored. See file /pdk/sky130A/libs.ref/sky130_fd_sc_hd/lef/sky130_fd_sc_hd.lef at line 2.

[INFO ODB-0227] LEF file: /pdk/sky130A/libs.ref/sky130_fd_sc_hd/lef/sky130_fd_sc_hd.lef, created 437 library cells
[WARNING STA-0198] input/synth_netlist.v line 2720, module temp_sensor_adc_model not found. Creating black box for u_analog.
[WARNING ORD-2013] instance u_analog LEF master temp_sensor_adc_model not found.
no_mix
***************************
Preview DFT Report
Number of chains: 4
Clock domain: No Mix
***************************

Scan chain 'chain_0' has 20 cells (20 bits)

  _573_ (clk, rising)
  _574_
  _575_
  _576_
  _577_
  _578_
  _579_
  _580_
  _581_
  _552_
  _583_
  _584_
  _585_
  _586_
  _587_
  _588_
  _589_
  _590_
  _591_
  _582_

Scan chain 'chain_1' has 20 cells (20 bits)

  _553_ (clk, rising)
  _554_
  _555_
  _556_
  _557_
  _558_
  _559_
  _560_
  _561_
  _572_
  _563_
  _564_
  _565_
  _566_
  _567_
  _568_
  _569_
  _570_
  _571_
  _562_

Scan chain 'chain_2' has 20 cells (20 bits)

  _613_ (clk, rising)
  _614_
  _615_
  _616_
  _617_
  _618_
  _619_
  _620_
  _621_
  _592_
  _623_
  _624_
  _625_
  _626_
  _627_
  _628_
  _629_
  _630_
  _631_
  _622_

Scan chain 'chain_3' has 20 cells (20 bits)

  _593_ (clk, rising)
  _594_
  _595_
  _596_
  _597_
  _598_
  _599_
  _600_
  _601_
  _612_
  _603_
  _604_
  _605_
  _606_
  _607_
  _608_
  _609_
  _610_
  _611_
  _602_


[INFO DFT-0003] Cell '_552_' is already an scan cell, we will not replace it
[INFO DFT-0003] Cell '_553_' is already an scan cell, we will not replace it
[INFO DFT-0003] Cell '_554_' is already an scan cell, we will not replace it
[INFO DFT-0003] Cell '_555_' is already an scan cell, we will not replace it
[INFO DFT-0003] Cell '_556_' is already an scan cell, we will not replace it
[INFO DFT-0003] Cell '_557_' is already an scan cell, we will not replace it
[INFO DFT-0003] Cell '_558_' is already an scan cell, we will not replace it
[INFO DFT-0003] Cell '_559_' is already an scan cell, we will not replace it
[INFO DFT-0003] Cell '_560_' is already an scan cell, we will not replace it
[INFO DFT-0003] Cell '_561_' is already an scan cell, we will not replace it
[INFO DFT-0003] Cell '_562_' is already an scan cell, we will not replace it
[INFO DFT-0003] Cell '_563_' is already an scan cell, we will not replace it
[INFO DFT-0003] Cell '_564_' is already an scan cell, we will not replace it
[INFO DFT-0003] Cell '_565_' is already an scan cell, we will not replace it
[INFO DFT-0003] Cell '_566_' is already an scan cell, we will not replace it
[INFO DFT-0003] Cell '_567_' is already an scan cell, we will not replace it
[INFO DFT-0003] Cell '_568_' is already an scan cell, we will not replace it
[INFO DFT-0003] Cell '_569_' is already an scan cell, we will not replace it
[INFO DFT-0003] Cell '_570_' is already an scan cell, we will not replace it
[INFO DFT-0003] Cell '_571_' is already an scan cell, we will not replace it
[INFO DFT-0003] Cell '_572_' is already an scan cell, we will not replace it
[INFO DFT-0003] Cell '_573_' is already an scan cell, we will not replace it
[INFO DFT-0003] Cell '_574_' is already an scan cell, we will not replace it
[INFO DFT-0003] Cell '_575_' is already an scan cell, we will not replace it
[INFO DFT-0003] Cell '_576_' is already an scan cell, we will not replace it
[INFO DFT-0003] Cell '_577_' is already an scan cell, we will not replace it
[INFO DFT-0003] Cell '_578_' is already an scan cell, we will not replace it
[INFO DFT-0003] Cell '_579_' is already an scan cell, we will not replace it
[INFO DFT-0003] Cell '_580_' is already an scan cell, we will not replace it
[INFO DFT-0003] Cell '_581_' is already an scan cell, we will not replace it
[INFO DFT-0003] Cell '_582_' is already an scan cell, we will not replace it
[INFO DFT-0003] Cell '_583_' is already an scan cell, we will not replace it
[INFO DFT-0003] Cell '_584_' is already an scan cell, we will not replace it
[INFO DFT-0003] Cell '_585_' is already an scan cell, we will not replace it
[INFO DFT-0003] Cell '_586_' is already an scan cell, we will not replace it
[INFO DFT-0003] Cell '_587_' is already an scan cell, we will not replace it
[INFO DFT-0003] Cell '_588_' is already an scan cell, we will not replace it
[INFO DFT-0003] Cell '_589_' is already an scan cell, we will not replace it
[INFO DFT-0003] Cell '_590_' is already an scan cell, we will not replace it
[INFO DFT-0003] Cell '_591_' is already an scan cell, we will not replace it
[INFO DFT-0003] Cell '_592_' is already an scan cell, we will not replace it
[INFO DFT-0003] Cell '_593_' is already an scan cell, we will not replace it
[INFO DFT-0003] Cell '_594_' is already an scan cell, we will not replace it
[INFO DFT-0003] Cell '_595_' is already an scan cell, we will not replace it
[INFO DFT-0003] Cell '_596_' is already an scan cell, we will not replace it
[INFO DFT-0003] Cell '_597_' is already an scan cell, we will not replace it
[INFO DFT-0003] Cell '_598_' is already an scan cell, we will not replace it
[INFO DFT-0003] Cell '_599_' is already an scan cell, we will not replace it
[INFO DFT-0003] Cell '_600_' is already an scan cell, we will not replace it
[INFO DFT-0003] Cell '_601_' is already an scan cell, we will not replace it
[INFO DFT-0003] Cell '_602_' is already an scan cell, we will not replace it
[INFO DFT-0003] Cell '_603_' is already an scan cell, we will not replace it
[INFO DFT-0003] Cell '_604_' is already an scan cell, we will not replace it
[INFO DFT-0003] Cell '_605_' is already an scan cell, we will not replace it
[INFO DFT-0003] Cell '_606_' is already an scan cell, we will not replace it
[INFO DFT-0003] Cell '_607_' is already an scan cell, we will not replace it
[INFO DFT-0003] Cell '_608_' is already an scan cell, we will not replace it
[INFO DFT-0003] Cell '_609_' is already an scan cell, we will not replace it
[INFO DFT-0003] Cell '_610_' is already an scan cell, we will not replace it
[INFO DFT-0003] Cell '_611_' is already an scan cell, we will not replace it
[INFO DFT-0003] Cell '_612_' is already an scan cell, we will not replace it
[INFO DFT-0003] Cell '_613_' is already an scan cell, we will not replace it
[INFO DFT-0003] Cell '_614_' is already an scan cell, we will not replace it
[INFO DFT-0003] Cell '_615_' is already an scan cell, we will not replace it
[INFO DFT-0003] Cell '_616_' is already an scan cell, we will not replace it
[INFO DFT-0003] Cell '_617_' is already an scan cell, we will not replace it
[INFO DFT-0003] Cell '_618_' is already an scan cell, we will not replace it
[INFO DFT-0003] Cell '_619_' is already an scan cell, we will not replace it
[INFO DFT-0003] Cell '_620_' is already an scan cell, we will not replace it
[INFO DFT-0003] Cell '_621_' is already an scan cell, we will not replace it
[INFO DFT-0003] Cell '_622_' is already an scan cell, we will not replace it
[INFO DFT-0003] Cell '_623_' is already an scan cell, we will not replace it
[INFO DFT-0003] Cell '_624_' is already an scan cell, we will not replace it
[INFO DFT-0003] Cell '_625_' is already an scan cell, we will not replace it
[INFO DFT-0003] Cell '_626_' is already an scan cell, we will not replace it
[INFO DFT-0003] Cell '_627_' is already an scan cell, we will not replace it
[INFO DFT-0003] Cell '_628_' is already an scan cell, we will not replace it
[INFO DFT-0003] Cell '_629_' is already an scan cell, we will not replace it
[INFO DFT-0003] Cell '_630_' is already an scan cell, we will not replace it
[INFO DFT-0003] Cell '_631_' is already an scan cell, we will not replace it
