#! /c/Source/iverilog-install/bin/vvp
:ivl_version "12.0 (devel)" "(s20150603-1539-g2693dd32b)";
:ivl_delay_selection "TYPICAL";
:vpi_time_precision + 0;
:vpi_module "C:\iverilog\lib\ivl\system.vpi";
:vpi_module "C:\iverilog\lib\ivl\vhdl_sys.vpi";
:vpi_module "C:\iverilog\lib\ivl\vhdl_textio.vpi";
:vpi_module "C:\iverilog\lib\ivl\v2005_math.vpi";
:vpi_module "C:\iverilog\lib\ivl\va_math.vpi";
S_0000020b59cb2b50 .scope module, "dff_sync_reset_enable" "dff_sync_reset_enable" 2 1;
 .timescale 0 0;
    .port_info 0 /INPUT 1 "clk";
    .port_info 1 /INPUT 1 "reset";
    .port_info 2 /INPUT 1 "enable";
    .port_info 3 /INPUT 1 "data_in";
    .port_info 4 /OUTPUT 1 "q";
    .port_info 5 /OUTPUT 1 "q_bar";
o0000020b59ce6f98 .functor BUFZ 1, C4<z>; HiZ drive
v0000020b59cb30a0_0 .net "clk", 0 0, o0000020b59ce6f98;  0 drivers
o0000020b59ce6fc8 .functor BUFZ 1, C4<z>; HiZ drive
v0000020b59cb3400_0 .net "data_in", 0 0, o0000020b59ce6fc8;  0 drivers
o0000020b59ce6ff8 .functor BUFZ 1, C4<z>; HiZ drive
v0000020b59cb2ce0_0 .net "enable", 0 0, o0000020b59ce6ff8;  0 drivers
v0000020b59cb2d80_0 .var "q", 0 0;
v0000020b59cb2e20_0 .var "q_bar", 0 0;
o0000020b59ce7088 .functor BUFZ 1, C4<z>; HiZ drive
v0000020b5988ec40_0 .net "reset", 0 0, o0000020b59ce7088;  0 drivers
E_0000020b5988cf10 .event posedge, v0000020b59cb30a0_0;
    .scope S_0000020b59cb2b50;
T_0 ;
    %wait E_0000020b5988cf10;
    %load/vec4 v0000020b5988ec40_0;
    %flag_set/vec4 8;
    %jmp/0xz  T_0.0, 8;
    %pushi/vec4 0, 0, 1;
    %assign/vec4 v0000020b59cb2d80_0, 0;
    %pushi/vec4 1, 1, 1;
    %assign/vec4 v0000020b59cb2e20_0, 0;
    %jmp T_0.1;
T_0.0 ;
    %load/vec4 v0000020b59cb2ce0_0;
    %flag_set/vec4 8;
    %jmp/0xz  T_0.2, 8;
    %load/vec4 v0000020b59cb3400_0;
    %assign/vec4 v0000020b59cb2d80_0, 0;
    %load/vec4 v0000020b59cb2d80_0;
    %inv;
    %assign/vec4 v0000020b59cb2e20_0, 0;
T_0.2 ;
T_0.1 ;
    %jmp T_0;
    .thread T_0;
# The file index is used to find the file name in the following table.
:file_names 3;
    "N/A";
    "<interactive>";
    "design.v";
