[2026-06-14T06:23:23.512869Z] Digital Implementation Setup Agent
workflow_id=51309899-ca8a-4d6b-9dea-fe920ed5245a
workflow_dir=/root/chiploop-backend/artifacts/3c6dfa47-ba1d-4be5-857c-c60b38fc0ff6/51309899-ca8a-4d6b-9dea-fe920ed5245a/dcd843f9-fbf5-4346-87d3-d80a96d61c3d/digital
profile_path=/root/chiploop-backend/artifacts/3c6dfa47-ba1d-4be5-857c-c60b38fc0ff6/51309899-ca8a-4d6b-9dea-fe920ed5245a/dcd843f9-fbf5-4346-87d3-d80a96d61c3d/digital/digital/foundry/foundry_profile.json
spec_json=None
top_module=top
rtl_count=4
clock_port=clk
reset_name=reset_n
clock_mhz=50.0
clock_period_ns=20.0
clock_intent={"type": "digital_clock_intent", "clocks": [{"name": "clk", "port": "clk", "frequency_mhz": null, "period_ns": null, "source": "rtl_port_inference", "needs_user_frequency": true}], "resets": [{"name": "reset_n", "port": "reset_n", "active_low": true, "source": "rtl_port_inference"}], "primary_clock": "clk", "primary_reset": "reset_n", "needs_user_review": true, "provenance": {"requested": false, "sdc_clocks": 0, "spec_clocks": 0, "rtl_clocks": 1, "spec_resets": 0, "rtl_resets": 1}}
request_target_frequency_mhz=None
request_constraints_sdc_present=False
upstream_sdc=None
sdc_source=fallback_generated
sdc_basename=top.sdc
canonical_sdc=/root/chiploop-backend/artifacts/3c6dfa47-ba1d-4be5-857c-c60b38fc0ff6/51309899-ca8a-4d6b-9dea-fe920ed5245a/dcd843f9-fbf5-4346-87d3-d80a96d61c3d/digital/digital/impl_setup/constraints/top.sdc
filelist=/root/chiploop-backend/artifacts/3c6dfa47-ba1d-4be5-857c-c60b38fc0ff6/51309899-ca8a-4d6b-9dea-fe920ed5245a/dcd843f9-fbf5-4346-87d3-d80a96d61c3d/digital/digital/impl_setup/filelist.f
pdk=sky130A
pdk_root=/root/chiploop-backend/backend/pdk
openlane_cfg=/root/chiploop-backend/artifacts/3c6dfa47-ba1d-4be5-857c-c60b38fc0ff6/51309899-ca8a-4d6b-9dea-fe920ed5245a/dcd843f9-fbf5-4346-87d3-d80a96d61c3d/digital/digital/impl_setup/openlane/config.json
corners=/root/chiploop-backend/artifacts/3c6dfa47-ba1d-4be5-857c-c60b38fc0ff6/51309899-ca8a-4d6b-9dea-fe920ed5245a/dcd843f9-fbf5-4346-87d3-d80a96d61c3d/digital/digital/impl_setup/corners.json
