OpenROAD edf00dff99f6c40d67a30c0e22a8191c5d2ed9d6 
Features included (+) or not (-): +Charts +GPU +GUI +Python
This program is licensed under the BSD-3 license. See the LICENSE file for details.
Components of this program may be licensed under more restrictive licenses which must be honored.
[INFO ODB-0227] LEF file: /pdk/sky130A/libs.ref/sky130_fd_sc_hd/techlef/sky130_fd_sc_hd__nom.tlef, created 13 layers, 25 vias
[WARNING ODB-0220] WARNING (LEFPARS-2008): NOWIREEXTENSIONATPIN statement is obsolete in version 5.6 or later.
The NOWIREEXTENSIONATPIN statement will be ignored. See file /pdk/sky130A/libs.ref/sky130_fd_sc_hd/lef/sky130_fd_sc_hd.lef at line 2.

[INFO ODB-0227] LEF file: /pdk/sky130A/libs.ref/sky130_fd_sc_hd/lef/sky130_fd_sc_hd.lef, created 437 library cells
[WARNING STA-0198] input/synth_netlist.v line 1870, module temp_sensor_adc_model not found. Creating black box for u_analog.
[WARNING ORD-2013] instance u_analog LEF master temp_sensor_adc_model not found.
no_mix
[WARNING DFT-0007] Cell '_371_' is not a scan cell. Can't use it for scan architect
***************************
Preview DFT Report
Number of chains: 4
Clock domain: No Mix
***************************

Scan chain 'chain_0' has 16 cells (16 bits)

  _388_ (clk, rising)
  _387_
  _386_
  _385_
  _384_
  _383_
  _382_
  _381_
  _380_
  _379_
  _378_
  _377_
  _376_
  _375_
  _374_
  _356_

Scan chain 'chain_1' has 16 cells (16 bits)

  _372_ (clk, rising)
  _370_
  _369_
  _368_
  _367_
  _366_
  _365_
  _364_
  _363_
  _362_
  _361_
  _360_
  _359_
  _358_
  _357_
  _373_

Scan chain 'chain_2' has 16 cells (16 bits)

  _420_ (clk, rising)
  _419_
  _418_
  _417_
  _416_
  _415_
  _414_
  _413_
  _412_
  _411_
  _410_
  _409_
  _408_
  _407_
  _406_
  _389_

Scan chain 'chain_3' has 16 cells (16 bits)

  _404_ (clk, rising)
  _403_
  _402_
  _401_
  _400_
  _399_
  _398_
  _397_
  _396_
  _395_
  _394_
  _393_
  _392_
  _391_
  _390_
  _405_


[INFO DFT-0003] Cell '_356_' is already an scan cell, we will not replace it
[INFO DFT-0003] Cell '_357_' is already an scan cell, we will not replace it
[INFO DFT-0003] Cell '_358_' is already an scan cell, we will not replace it
[INFO DFT-0003] Cell '_359_' is already an scan cell, we will not replace it
[INFO DFT-0003] Cell '_360_' is already an scan cell, we will not replace it
[INFO DFT-0003] Cell '_361_' is already an scan cell, we will not replace it
[INFO DFT-0003] Cell '_362_' is already an scan cell, we will not replace it
[INFO DFT-0003] Cell '_363_' is already an scan cell, we will not replace it
[INFO DFT-0003] Cell '_364_' is already an scan cell, we will not replace it
[INFO DFT-0003] Cell '_365_' is already an scan cell, we will not replace it
[INFO DFT-0003] Cell '_366_' is already an scan cell, we will not replace it
[INFO DFT-0003] Cell '_367_' is already an scan cell, we will not replace it
[INFO DFT-0003] Cell '_368_' is already an scan cell, we will not replace it
[INFO DFT-0003] Cell '_369_' is already an scan cell, we will not replace it
[INFO DFT-0003] Cell '_370_' is already an scan cell, we will not replace it
[INFO DFT-0003] Cell '_372_' is already an scan cell, we will not replace it
[INFO DFT-0003] Cell '_373_' is already an scan cell, we will not replace it
[INFO DFT-0003] Cell '_374_' is already an scan cell, we will not replace it
[INFO DFT-0003] Cell '_375_' is already an scan cell, we will not replace it
[INFO DFT-0003] Cell '_376_' is already an scan cell, we will not replace it
[INFO DFT-0003] Cell '_377_' is already an scan cell, we will not replace it
[INFO DFT-0003] Cell '_378_' is already an scan cell, we will not replace it
[INFO DFT-0003] Cell '_379_' is already an scan cell, we will not replace it
[INFO DFT-0003] Cell '_380_' is already an scan cell, we will not replace it
[INFO DFT-0003] Cell '_381_' is already an scan cell, we will not replace it
[INFO DFT-0003] Cell '_382_' is already an scan cell, we will not replace it
[INFO DFT-0003] Cell '_383_' is already an scan cell, we will not replace it
[INFO DFT-0003] Cell '_384_' is already an scan cell, we will not replace it
[INFO DFT-0003] Cell '_385_' is already an scan cell, we will not replace it
[INFO DFT-0003] Cell '_386_' is already an scan cell, we will not replace it
[INFO DFT-0003] Cell '_387_' is already an scan cell, we will not replace it
[INFO DFT-0003] Cell '_388_' is already an scan cell, we will not replace it
[INFO DFT-0003] Cell '_389_' is already an scan cell, we will not replace it
[INFO DFT-0003] Cell '_390_' is already an scan cell, we will not replace it
[INFO DFT-0003] Cell '_391_' is already an scan cell, we will not replace it
[INFO DFT-0003] Cell '_392_' is already an scan cell, we will not replace it
[INFO DFT-0003] Cell '_393_' is already an scan cell, we will not replace it
[INFO DFT-0003] Cell '_394_' is already an scan cell, we will not replace it
[INFO DFT-0003] Cell '_395_' is already an scan cell, we will not replace it
[INFO DFT-0003] Cell '_396_' is already an scan cell, we will not replace it
[INFO DFT-0003] Cell '_397_' is already an scan cell, we will not replace it
[INFO DFT-0003] Cell '_398_' is already an scan cell, we will not replace it
[INFO DFT-0003] Cell '_399_' is already an scan cell, we will not replace it
[INFO DFT-0003] Cell '_400_' is already an scan cell, we will not replace it
[INFO DFT-0003] Cell '_401_' is already an scan cell, we will not replace it
[INFO DFT-0003] Cell '_402_' is already an scan cell, we will not replace it
[INFO DFT-0003] Cell '_403_' is already an scan cell, we will not replace it
[INFO DFT-0003] Cell '_404_' is already an scan cell, we will not replace it
[INFO DFT-0003] Cell '_405_' is already an scan cell, we will not replace it
[INFO DFT-0003] Cell '_406_' is already an scan cell, we will not replace it
[INFO DFT-0003] Cell '_407_' is already an scan cell, we will not replace it
[INFO DFT-0003] Cell '_408_' is already an scan cell, we will not replace it
[INFO DFT-0003] Cell '_409_' is already an scan cell, we will not replace it
[INFO DFT-0003] Cell '_410_' is already an scan cell, we will not replace it
[INFO DFT-0003] Cell '_411_' is already an scan cell, we will not replace it
[INFO DFT-0003] Cell '_412_' is already an scan cell, we will not replace it
[INFO DFT-0003] Cell '_413_' is already an scan cell, we will not replace it
[INFO DFT-0003] Cell '_414_' is already an scan cell, we will not replace it
[INFO DFT-0003] Cell '_415_' is already an scan cell, we will not replace it
[INFO DFT-0003] Cell '_416_' is already an scan cell, we will not replace it
[INFO DFT-0003] Cell '_417_' is already an scan cell, we will not replace it
[INFO DFT-0003] Cell '_418_' is already an scan cell, we will not replace it
[INFO DFT-0003] Cell '_419_' is already an scan cell, we will not replace it
[INFO DFT-0003] Cell '_420_' is already an scan cell, we will not replace it
