[06:54:27] INFO     Loading the design configuration file has      config.py:716
                    generated the following warnings:                           
[06:54:27] WARNING  The configuration variable 'PL_TARGET_DENSITY' config.py:720
                    is deprecated. Please check the docs for the                
                    usage on the replacement variable                           
                    'PL_TARGET_DENSITY_PCT'.                                    
[06:54:27] WARNING  An unknown key 'CHIPLOOP_FILELIST' was         config.py:720
                    provided.                                                   
[06:54:27] WARNING  An unknown key 'CHIPLOOP_SIGNOFF_CLOSURE_ECO'  config.py:720
                    was provided.                                               
[06:54:27] WARNING  An unknown key 'CHIPLOOP_SOURCE_SPEC_JSON' was config.py:720
                    provided.                                                   
[06:54:27] WARNING  An unknown key 'CHIPLOOP_UPSTREAM_SDC_SOURCE'  config.py:720
                    was provided.                                               
[06:54:27] INFO     Using existing run at                            flow.py:578
                    'System_PD_919478b7-46be-40fa-8ff0-688455fbfa56'            
                    with the 'Classic' flow.                                    
Traceback (most recent call last):
  File "/nix/store/5vmnqy7fmvbm3x7vw386f6d2vs9qci5p-python3.11-openlane-2.4.0.dev1/bin/.openlane-wrapped", line 9, in <module>
    sys.exit(cli())
             ^^^^^
  File "/nix/store/7l0f3byalx17dsl5m0bpzrsl6lkcyv3g-python3-3.11.9-env/lib/python3.11/site-packages/click/core.py", line 1157, in __call__
    return self.main(*args, **kwargs)
           ^^^^^^^^^^^^^^^^^^^^^^^^^^
  File "/nix/store/7l0f3byalx17dsl5m0bpzrsl6lkcyv3g-python3-3.11.9-env/lib/python3.11/site-packages/click/core.py", line 1078, in main
    rv = self.invoke(ctx)
         ^^^^^^^^^^^^^^^^
  File "/nix/store/7l0f3byalx17dsl5m0bpzrsl6lkcyv3g-python3-3.11.9-env/lib/python3.11/site-packages/click/core.py", line 1434, in invoke
    return ctx.invoke(self.callback, **ctx.params)
           ^^^^^^^^^^^^^^^^^^^^^^^^^^^^^^^^^^^^^^^
  File "/nix/store/7l0f3byalx17dsl5m0bpzrsl6lkcyv3g-python3-3.11.9-env/lib/python3.11/site-packages/click/core.py", line 783, in invoke
    return __callback(*args, **kwargs)
           ^^^^^^^^^^^^^^^^^^^^^^^^^^^
  File "/nix/store/7l0f3byalx17dsl5m0bpzrsl6lkcyv3g-python3-3.11.9-env/lib/python3.11/site-packages/openlane/flows/cli.py", line 452, in pdk_resolve_wrapper
    return f(*args, pdk_root=pdk_root, pdk=pdk, scl=scl, **kwargs)
           ^^^^^^^^^^^^^^^^^^^^^^^^^^^^^^^^^^^^^^^^^^^^^^^^^^^^^^^
  File "/nix/store/7l0f3byalx17dsl5m0bpzrsl6lkcyv3g-python3-3.11.9-env/lib/python3.11/site-packages/click/decorators.py", line 33, in new_func
    return f(get_current_context(), *args, **kwargs)
           ^^^^^^^^^^^^^^^^^^^^^^^^^^^^^^^^^^^^^^^^^
  File "/nix/store/7l0f3byalx17dsl5m0bpzrsl6lkcyv3g-python3-3.11.9-env/lib/python3.11/site-packages/openlane/__main__.py", line 465, in cli
    run(ctx, **run_kwargs)
  File "/nix/store/7l0f3byalx17dsl5m0bpzrsl6lkcyv3g-python3-3.11.9-env/lib/python3.11/site-packages/openlane/__main__.py", line 171, in run
    state_out = flow.start(
                ^^^^^^^^^^^
  File "/nix/store/7l0f3byalx17dsl5m0bpzrsl6lkcyv3g-python3-3.11.9-env/lib/python3.11/site-packages/openlane/flows/flow.py", line 599, in start
    Step.load_finished(
  File "/nix/store/7l0f3byalx17dsl5m0bpzrsl6lkcyv3g-python3-3.11.9-env/lib/python3.11/site-packages/openlane/steps/step.py", line 842, in load_finished
    step_object = Self.load(config_path, state_in_path, pdk_root)
                  ^^^^^^^^^^^^^^^^^^^^^^^^^^^^^^^^^^^^^^^^^^^^^^^
  File "/nix/store/7l0f3byalx17dsl5m0bpzrsl6lkcyv3g-python3-3.11.9-env/lib/python3.11/site-packages/openlane/steps/step.py", line 814, in load
    return Target.load(config, state_in, pdk_root)
           ^^^^^^^^^^^^^^^^^^^^^^^^^^^^^^^^^^^^^^^
  File "/nix/store/7l0f3byalx17dsl5m0bpzrsl6lkcyv3g-python3-3.11.9-env/lib/python3.11/site-packages/openlane/steps/step.py", line 818, in load
    config = Self._load_config_from_file(config, pdk_root)
             ^^^^^^^^^^^^^^^^^^^^^^^^^^^^^^^^^^^^^^^^^^^^^
  File "/nix/store/7l0f3byalx17dsl5m0bpzrsl6lkcyv3g-python3-3.11.9-env/lib/python3.11/site-packages/openlane/steps/step.py", line 770, in _load_config_from_file
    config, _ = Config.load(
                ^^^^^^^^^^^^
  File "/nix/store/7l0f3byalx17dsl5m0bpzrsl6lkcyv3g-python3-3.11.9-env/lib/python3.11/site-packages/openlane/config/config.py", line 559, in load
    config_obj = Self.__load_dict(
                 ^^^^^^^^^^^^^^^^^
  File "/nix/store/7l0f3byalx17dsl5m0bpzrsl6lkcyv3g-python3-3.11.9-env/lib/python3.11/site-packages/openlane/config/config.py", line 711, in __load_dict
    raise InvalidConfig(
openlane.config.config.InvalidConfig: The following errors were encountered: 
	* Path provided for variable 'VERILOG_FILES[0]' is invalid: 'inputs/netlist/temp_monitor_soc_phys_synth.v' does not exist
