
 /----------------------------------------------------------------------------\
 |                                                                            |
 |  yosys -- Yosys Open SYnthesis Suite                                       |
 |                                                                            |
 |  Copyright (C) 2012 - 2020  Claire Xenia Wolf <claire@yosyshq.com>         |
 |                                                                            |
 |  Permission to use, copy, modify, and/or distribute this software for any  |
 |  purpose with or without fee is hereby granted, provided that the above    |
 |  copyright notice and this permission notice appear in all copies.         |
 |                                                                            |
 |  THE SOFTWARE IS PROVIDED "AS IS" AND THE AUTHOR DISCLAIMS ALL WARRANTIES  |
 |  WITH REGARD TO THIS SOFTWARE INCLUDING ALL IMPLIED WARRANTIES OF          |
 |  MERCHANTABILITY AND FITNESS. IN NO EVENT SHALL THE AUTHOR BE LIABLE FOR   |
 |  ANY SPECIAL, DIRECT, INDIRECT, OR CONSEQUENTIAL DAMAGES OR ANY DAMAGES    |
 |  WHATSOEVER RESULTING FROM LOSS OF USE, DATA OR PROFITS, WHETHER IN AN     |
 |  ACTION OF CONTRACT, NEGLIGENCE OR OTHER TORTIOUS ACTION, ARISING OUT OF   |
 |  OR IN CONNECTION WITH THE USE OR PERFORMANCE OF THIS SOFTWARE.            |
 |                                                                            |
 \----------------------------------------------------------------------------/

 Yosys 0.33 (git sha1 2584903a060)


-- Executing script file `/root/chiploop-backend/artifacts/3c6dfa47-ba1d-4be5-857c-c60b38fc0ff6/26f356cb-6d29-43be-a1da-649876540ea6/6d479abf-c006-4bf3-b6cb-21bcf6d57fc4/digital/digital/lec/yosys_lec.ys' --

1. Executing Verilog-2005 frontend: /root/chiploop-backend/artifacts/3c6dfa47-ba1d-4be5-857c-c60b38fc0ff6/26f356cb-6d29-43be-a1da-649876540ea6/6d479abf-c006-4bf3-b6cb-21bcf6d57fc4/digital/system/imported_rtl/temp_sensor_adc_model.v
Parsing SystemVerilog input from `/root/chiploop-backend/artifacts/3c6dfa47-ba1d-4be5-857c-c60b38fc0ff6/26f356cb-6d29-43be-a1da-649876540ea6/6d479abf-c006-4bf3-b6cb-21bcf6d57fc4/digital/system/imported_rtl/temp_sensor_adc_model.v' to AST representation.
Generating RTLIL representation for module `\temp_sensor_adc_model'.
Successfully finished Verilog frontend.

2. Executing Verilog-2005 frontend: /root/chiploop-backend/artifacts/3c6dfa47-ba1d-4be5-857c-c60b38fc0ff6/26f356cb-6d29-43be-a1da-649876540ea6/6d479abf-c006-4bf3-b6cb-21bcf6d57fc4/digital/system/imported_rtl/temp_monitor_digital.v
Parsing SystemVerilog input from `/root/chiploop-backend/artifacts/3c6dfa47-ba1d-4be5-857c-c60b38fc0ff6/26f356cb-6d29-43be-a1da-649876540ea6/6d479abf-c006-4bf3-b6cb-21bcf6d57fc4/digital/system/imported_rtl/temp_monitor_digital.v' to AST representation.
Generating RTLIL representation for module `\temp_monitor_digital'.
Successfully finished Verilog frontend.

3. Executing Verilog-2005 frontend: /root/chiploop-backend/artifacts/3c6dfa47-ba1d-4be5-857c-c60b38fc0ff6/26f356cb-6d29-43be-a1da-649876540ea6/6d479abf-c006-4bf3-b6cb-21bcf6d57fc4/digital/system/imported_rtl/temp_monitor_soc_phys.sv
Parsing SystemVerilog input from `/root/chiploop-backend/artifacts/3c6dfa47-ba1d-4be5-857c-c60b38fc0ff6/26f356cb-6d29-43be-a1da-649876540ea6/6d479abf-c006-4bf3-b6cb-21bcf6d57fc4/digital/system/imported_rtl/temp_monitor_soc_phys.sv' to AST representation.
Generating RTLIL representation for module `\temp_monitor_soc_phys'.
Successfully finished Verilog frontend.

4. Executing Verilog-2005 frontend: /root/chiploop-backend/artifacts/3c6dfa47-ba1d-4be5-857c-c60b38fc0ff6/26f356cb-6d29-43be-a1da-649876540ea6/6d479abf-c006-4bf3-b6cb-21bcf6d57fc4/digital/system/imported_rtl/temp_monitor_soc_sim.sv
Parsing SystemVerilog input from `/root/chiploop-backend/artifacts/3c6dfa47-ba1d-4be5-857c-c60b38fc0ff6/26f356cb-6d29-43be-a1da-649876540ea6/6d479abf-c006-4bf3-b6cb-21bcf6d57fc4/digital/system/imported_rtl/temp_monitor_soc_sim.sv' to AST representation.
Generating RTLIL representation for module `\temp_monitor_soc_sim'.
Successfully finished Verilog frontend.

5. Executing HIERARCHY pass (managing design hierarchy).

5.1. Analyzing design hierarchy..
Top module:  \temp_monitor_soc_phys
Used module:     \temp_monitor_digital
Used module:     \temp_sensor_adc_model

5.2. Analyzing design hierarchy..
Top module:  \temp_monitor_soc_phys
Used module:     \temp_monitor_digital
Used module:     \temp_sensor_adc_model
Removing unused module `\temp_monitor_soc_sim'.
Removed 1 unused modules.

6. Executing PROC pass (convert processes to netlists).

6.1. Executing PROC_CLEAN pass (remove empty switches from decision trees).
Cleaned up 0 empty switches.

6.2. Executing PROC_RMDEAD pass (remove dead branches from decision trees).
Marked 1 switch rules as full_case in process $proc$/root/chiploop-backend/artifacts/3c6dfa47-ba1d-4be5-857c-c60b38fc0ff6/26f356cb-6d29-43be-a1da-649876540ea6/6d479abf-c006-4bf3-b6cb-21bcf6d57fc4/digital/system/imported_rtl/temp_monitor_digital.v:197$32 in module temp_monitor_digital.
Marked 15 switch rules as full_case in process $proc$/root/chiploop-backend/artifacts/3c6dfa47-ba1d-4be5-857c-c60b38fc0ff6/26f356cb-6d29-43be-a1da-649876540ea6/6d479abf-c006-4bf3-b6cb-21bcf6d57fc4/digital/system/imported_rtl/temp_monitor_digital.v:86$20 in module temp_monitor_digital.
Marked 2 switch rules as full_case in process $proc$/root/chiploop-backend/artifacts/3c6dfa47-ba1d-4be5-857c-c60b38fc0ff6/26f356cb-6d29-43be-a1da-649876540ea6/6d479abf-c006-4bf3-b6cb-21bcf6d57fc4/digital/system/imported_rtl/temp_sensor_adc_model.v:40$4 in module temp_sensor_adc_model.
Removed a total of 0 dead cases.

6.3. Executing PROC_PRUNE pass (remove redundant assignments in processes).
Removed 20 redundant assignments.
Promoted 39 assignments to connections.

6.4. Executing PROC_INIT pass (extract init attributes).
Found init rule in `\temp_sensor_adc_model.$proc$/root/chiploop-backend/artifacts/3c6dfa47-ba1d-4be5-857c-c60b38fc0ff6/26f356cb-6d29-43be-a1da-649876540ea6/6d479abf-c006-4bf3-b6cb-21bcf6d57fc4/digital/system/imported_rtl/temp_sensor_adc_model.v:0$19'.
  Set init value: \adc_code = 12'000000000000
  Set init value: \adc_valid = 1'0
  Set init value: \pending_conversion = 1'0
  Set init value: \conversion_timer = 0
  Set init value: \last_completed_adc_code = 12'000000000000
  Set init value: \sample_req_d = 1'0

6.5. Executing PROC_ARST pass (detect async resets in processes).
Found async reset \reset_n in `\temp_monitor_digital.$proc$/root/chiploop-backend/artifacts/3c6dfa47-ba1d-4be5-857c-c60b38fc0ff6/26f356cb-6d29-43be-a1da-649876540ea6/6d479abf-c006-4bf3-b6cb-21bcf6d57fc4/digital/system/imported_rtl/temp_monitor_digital.v:197$32'.
Found async reset \sample_req_rise in `\temp_sensor_adc_model.$proc$/root/chiploop-backend/artifacts/3c6dfa47-ba1d-4be5-857c-c60b38fc0ff6/26f356cb-6d29-43be-a1da-649876540ea6/6d479abf-c006-4bf3-b6cb-21bcf6d57fc4/digital/system/imported_rtl/temp_sensor_adc_model.v:61$15'.

6.6. Executing PROC_ROM pass (convert switches to ROMs).
Converted 0 switches.
<suppressed ~17 debug messages>

6.7. Executing PROC_MUX pass (convert decision trees to multiplexers).
Creating decoders for process `\temp_monitor_digital.$proc$/root/chiploop-backend/artifacts/3c6dfa47-ba1d-4be5-857c-c60b38fc0ff6/26f356cb-6d29-43be-a1da-649876540ea6/6d479abf-c006-4bf3-b6cb-21bcf6d57fc4/digital/system/imported_rtl/temp_monitor_digital.v:197$32'.
     1/20: $0\sample_req_periodic[0:0]
     2/20: $0\sample_req_pending[0:0]
     3/20: $0\prev_sample_valid[0:0]
     4/20: $0\prev_sample[11:0]
     5/20: $0\sample_count[15:0]
     6/20: $0\latest_temp[11:0]
     7/20: $0\irq_status_sample_done[0:0]
     8/20: $0\irq_status_alert[0:0]
     9/20: $0\status_busy[0:0]
    10/20: $0\status_adc_valid_seen[0:0]
    11/20: $0\status_alert_pending[0:0]
    12/20: $0\status_sample_done[0:0]
    13/20: $0\irq_enable_reg[0:0]
    14/20: $0\enable_reg[0:0]
    15/20: $0\alert_status_r[0:0]
    16/20: $0\threshold_code_r[11:0]
    17/20: $0\temp_code_r[11:0]
    18/20: $0\alert_irq_r[0:0]
    19/20: $0\sample_req_r[0:0]
    20/20: $0\rd_data_r[15:0]
Creating decoders for process `\temp_monitor_digital.$proc$/root/chiploop-backend/artifacts/3c6dfa47-ba1d-4be5-857c-c60b38fc0ff6/26f356cb-6d29-43be-a1da-649876540ea6/6d479abf-c006-4bf3-b6cb-21bcf6d57fc4/digital/system/imported_rtl/temp_monitor_digital.v:86$20'.
     1/54: $3\status_busy_next[0:0]
     2/54: $2\sample_req_periodic_next[0:0]
     3/54: $5\sample_req_pending_next[0:0]
     4/54: $4\sample_req_pending_next[0:0]
     5/54: $1\sample_req_periodic_next[0:0]
     6/54: $4\sample_req_next[0:0]
     7/54: $2\status_busy_next[0:0]
     8/54: $1\status_busy_next[0:0]
     9/54: $5\irq_status_alert_next[0:0]
    10/54: $6\status_alert_pending_next[0:0]
    11/54: $6\alert_status_next[0:0]
    12/54: $2\temp_code_next[11:0]
    13/54: $4\irq_status_alert_next[0:0]
    14/54: $5\status_alert_pending_next[0:0]
    15/54: $5\alert_status_next[0:0]
    16/54: $1\prev_sample_valid_next[0:0]
    17/54: $1\prev_sample_next[11:0]
    18/54: $1\latest_temp_next[11:0]
    19/54: $1\temp_code_next[11:0]
    20/54: $4\irq_status_sample_done_next[0:0]
    21/54: $1\status_adc_valid_seen_next[0:0]
    22/54: $4\status_sample_done_next[0:0]
    23/54: $1\sample_count_next[15:0]
    24/54: $2\read_data_next[15:0]
    25/54: $1\read_data_next[15:0]
    26/54: $3\status_sample_done_next[0:0]
    27/54: $3\irq_status_sample_done_next[0:0]
    28/54: $4\status_alert_pending_next[0:0]
    29/54: $4\alert_status_next[0:0]
    30/54: $3\irq_status_alert_next[0:0]
    31/54: $3\status_alert_pending_next[0:0]
    32/54: $3\alert_status_next[0:0]
    33/54: $3\sample_req_pending_next[0:0]
    34/54: $3\sample_req_next[0:0]
    35/54: $2\status_alert_pending_next[0:0]
    36/54: $2\alert_status_next[0:0]
    37/54: $2\sample_req_pending_next[0:0]
    38/54: $2\sample_req_next[0:0]
    39/54: $2\irq_enable_reg_next[0:0]
    40/54: $2\enable_reg_next[0:0]
    41/54: $2\threshold_code_next[11:0]
    42/54: $2\irq_status_sample_done_next[0:0]
    43/54: $2\irq_status_alert_next[0:0]
    44/54: $2\status_sample_done_next[0:0]
    45/54: $1\threshold_code_next[11:0]
    46/54: $1\irq_enable_reg_next[0:0]
    47/54: $1\enable_reg_next[0:0]
    48/54: $1\sample_req_pending_next[0:0]
    49/54: $1\irq_status_sample_done_next[0:0]
    50/54: $1\irq_status_alert_next[0:0]
    51/54: $1\status_alert_pending_next[0:0]
    52/54: $1\status_sample_done_next[0:0]
    53/54: $1\alert_status_next[0:0]
    54/54: $1\sample_req_next[0:0]
Creating decoders for process `\temp_sensor_adc_model.$proc$/root/chiploop-backend/artifacts/3c6dfa47-ba1d-4be5-857c-c60b38fc0ff6/26f356cb-6d29-43be-a1da-649876540ea6/6d479abf-c006-4bf3-b6cb-21bcf6d57fc4/digital/system/imported_rtl/temp_sensor_adc_model.v:0$19'.
Creating decoders for process `\temp_sensor_adc_model.$proc$/root/chiploop-backend/artifacts/3c6dfa47-ba1d-4be5-857c-c60b38fc0ff6/26f356cb-6d29-43be-a1da-649876540ea6/6d479abf-c006-4bf3-b6cb-21bcf6d57fc4/digital/system/imported_rtl/temp_sensor_adc_model.v:86$18'.
Creating decoders for process `\temp_sensor_adc_model.$proc$/root/chiploop-backend/artifacts/3c6dfa47-ba1d-4be5-857c-c60b38fc0ff6/26f356cb-6d29-43be-a1da-649876540ea6/6d479abf-c006-4bf3-b6cb-21bcf6d57fc4/digital/system/imported_rtl/temp_sensor_adc_model.v:73$17'.
Creating decoders for process `\temp_sensor_adc_model.$proc$/root/chiploop-backend/artifacts/3c6dfa47-ba1d-4be5-857c-c60b38fc0ff6/26f356cb-6d29-43be-a1da-649876540ea6/6d479abf-c006-4bf3-b6cb-21bcf6d57fc4/digital/system/imported_rtl/temp_sensor_adc_model.v:68$16'.
Creating decoders for process `\temp_sensor_adc_model.$proc$/root/chiploop-backend/artifacts/3c6dfa47-ba1d-4be5-857c-c60b38fc0ff6/26f356cb-6d29-43be-a1da-649876540ea6/6d479abf-c006-4bf3-b6cb-21bcf6d57fc4/digital/system/imported_rtl/temp_sensor_adc_model.v:61$15'.
     1/2: $0\conversion_timer[31:0]
     2/2: $0\pending_conversion[0:0]
Creating decoders for process `\temp_sensor_adc_model.$proc$/root/chiploop-backend/artifacts/3c6dfa47-ba1d-4be5-857c-c60b38fc0ff6/26f356cb-6d29-43be-a1da-649876540ea6/6d479abf-c006-4bf3-b6cb-21bcf6d57fc4/digital/system/imported_rtl/temp_sensor_adc_model.v:57$14'.
Creating decoders for process `\temp_sensor_adc_model.$proc$/root/chiploop-backend/artifacts/3c6dfa47-ba1d-4be5-857c-c60b38fc0ff6/26f356cb-6d29-43be-a1da-649876540ea6/6d479abf-c006-4bf3-b6cb-21bcf6d57fc4/digital/system/imported_rtl/temp_sensor_adc_model.v:40$4'.
     1/2: $2\clamped_code[11:0]
     2/2: $1\clamped_code[11:0]
Creating decoders for process `\temp_sensor_adc_model.$proc$/root/chiploop-backend/artifacts/3c6dfa47-ba1d-4be5-857c-c60b38fc0ff6/26f356cb-6d29-43be-a1da-649876540ea6/6d479abf-c006-4bf3-b6cb-21bcf6d57fc4/digital/system/imported_rtl/temp_sensor_adc_model.v:36$1'.

6.8. Executing PROC_DLATCH pass (convert process syncs to latches).
No latch inferred for signal `\temp_monitor_digital.\read_data_next' from process `\temp_monitor_digital.$proc$/root/chiploop-backend/artifacts/3c6dfa47-ba1d-4be5-857c-c60b38fc0ff6/26f356cb-6d29-43be-a1da-649876540ea6/6d479abf-c006-4bf3-b6cb-21bcf6d57fc4/digital/system/imported_rtl/temp_monitor_digital.v:86$20'.
No latch inferred for signal `\temp_monitor_digital.\sample_req_next' from process `\temp_monitor_digital.$proc$/root/chiploop-backend/artifacts/3c6dfa47-ba1d-4be5-857c-c60b38fc0ff6/26f356cb-6d29-43be-a1da-649876540ea6/6d479abf-c006-4bf3-b6cb-21bcf6d57fc4/digital/system/imported_rtl/temp_monitor_digital.v:86$20'.
No latch inferred for signal `\temp_monitor_digital.\alert_irq_next' from process `\temp_monitor_digital.$proc$/root/chiploop-backend/artifacts/3c6dfa47-ba1d-4be5-857c-c60b38fc0ff6/26f356cb-6d29-43be-a1da-649876540ea6/6d479abf-c006-4bf3-b6cb-21bcf6d57fc4/digital/system/imported_rtl/temp_monitor_digital.v:86$20'.
No latch inferred for signal `\temp_monitor_digital.\temp_code_next' from process `\temp_monitor_digital.$proc$/root/chiploop-backend/artifacts/3c6dfa47-ba1d-4be5-857c-c60b38fc0ff6/26f356cb-6d29-43be-a1da-649876540ea6/6d479abf-c006-4bf3-b6cb-21bcf6d57fc4/digital/system/imported_rtl/temp_monitor_digital.v:86$20'.
No latch inferred for signal `\temp_monitor_digital.\alert_status_next' from process `\temp_monitor_digital.$proc$/root/chiploop-backend/artifacts/3c6dfa47-ba1d-4be5-857c-c60b38fc0ff6/26f356cb-6d29-43be-a1da-649876540ea6/6d479abf-c006-4bf3-b6cb-21bcf6d57fc4/digital/system/imported_rtl/temp_monitor_digital.v:86$20'.
No latch inferred for signal `\temp_monitor_digital.\status_sample_done_next' from process `\temp_monitor_digital.$proc$/root/chiploop-backend/artifacts/3c6dfa47-ba1d-4be5-857c-c60b38fc0ff6/26f356cb-6d29-43be-a1da-649876540ea6/6d479abf-c006-4bf3-b6cb-21bcf6d57fc4/digital/system/imported_rtl/temp_monitor_digital.v:86$20'.
No latch inferred for signal `\temp_monitor_digital.\status_alert_pending_next' from process `\temp_monitor_digital.$proc$/root/chiploop-backend/artifacts/3c6dfa47-ba1d-4be5-857c-c60b38fc0ff6/26f356cb-6d29-43be-a1da-649876540ea6/6d479abf-c006-4bf3-b6cb-21bcf6d57fc4/digital/system/imported_rtl/temp_monitor_digital.v:86$20'.
No latch inferred for signal `\temp_monitor_digital.\status_adc_valid_seen_next' from process `\temp_monitor_digital.$proc$/root/chiploop-backend/artifacts/3c6dfa47-ba1d-4be5-857c-c60b38fc0ff6/26f356cb-6d29-43be-a1da-649876540ea6/6d479abf-c006-4bf3-b6cb-21bcf6d57fc4/digital/system/imported_rtl/temp_monitor_digital.v:86$20'.
No latch inferred for signal `\temp_monitor_digital.\status_busy_next' from process `\temp_monitor_digital.$proc$/root/chiploop-backend/artifacts/3c6dfa47-ba1d-4be5-857c-c60b38fc0ff6/26f356cb-6d29-43be-a1da-649876540ea6/6d479abf-c006-4bf3-b6cb-21bcf6d57fc4/digital/system/imported_rtl/temp_monitor_digital.v:86$20'.
No latch inferred for signal `\temp_monitor_digital.\irq_status_alert_next' from process `\temp_monitor_digital.$proc$/root/chiploop-backend/artifacts/3c6dfa47-ba1d-4be5-857c-c60b38fc0ff6/26f356cb-6d29-43be-a1da-649876540ea6/6d479abf-c006-4bf3-b6cb-21bcf6d57fc4/digital/system/imported_rtl/temp_monitor_digital.v:86$20'.
No latch inferred for signal `\temp_monitor_digital.\irq_status_sample_done_next' from process `\temp_monitor_digital.$proc$/root/chiploop-backend/artifacts/3c6dfa47-ba1d-4be5-857c-c60b38fc0ff6/26f356cb-6d29-43be-a1da-649876540ea6/6d479abf-c006-4bf3-b6cb-21bcf6d57fc4/digital/system/imported_rtl/temp_monitor_digital.v:86$20'.
No latch inferred for signal `\temp_monitor_digital.\latest_temp_next' from process `\temp_monitor_digital.$proc$/root/chiploop-backend/artifacts/3c6dfa47-ba1d-4be5-857c-c60b38fc0ff6/26f356cb-6d29-43be-a1da-649876540ea6/6d479abf-c006-4bf3-b6cb-21bcf6d57fc4/digital/system/imported_rtl/temp_monitor_digital.v:86$20'.
No latch inferred for signal `\temp_monitor_digital.\sample_count_next' from process `\temp_monitor_digital.$proc$/root/chiploop-backend/artifacts/3c6dfa47-ba1d-4be5-857c-c60b38fc0ff6/26f356cb-6d29-43be-a1da-649876540ea6/6d479abf-c006-4bf3-b6cb-21bcf6d57fc4/digital/system/imported_rtl/temp_monitor_digital.v:86$20'.
No latch inferred for signal `\temp_monitor_digital.\prev_sample_next' from process `\temp_monitor_digital.$proc$/root/chiploop-backend/artifacts/3c6dfa47-ba1d-4be5-857c-c60b38fc0ff6/26f356cb-6d29-43be-a1da-649876540ea6/6d479abf-c006-4bf3-b6cb-21bcf6d57fc4/digital/system/imported_rtl/temp_monitor_digital.v:86$20'.
No latch inferred for signal `\temp_monitor_digital.\prev_sample_valid_next' from process `\temp_monitor_digital.$proc$/root/chiploop-backend/artifacts/3c6dfa47-ba1d-4be5-857c-c60b38fc0ff6/26f356cb-6d29-43be-a1da-649876540ea6/6d479abf-c006-4bf3-b6cb-21bcf6d57fc4/digital/system/imported_rtl/temp_monitor_digital.v:86$20'.
No latch inferred for signal `\temp_monitor_digital.\sample_req_pending_next' from process `\temp_monitor_digital.$proc$/root/chiploop-backend/artifacts/3c6dfa47-ba1d-4be5-857c-c60b38fc0ff6/26f356cb-6d29-43be-a1da-649876540ea6/6d479abf-c006-4bf3-b6cb-21bcf6d57fc4/digital/system/imported_rtl/temp_monitor_digital.v:86$20'.
No latch inferred for signal `\temp_monitor_digital.\sample_req_periodic_next' from process `\temp_monitor_digital.$proc$/root/chiploop-backend/artifacts/3c6dfa47-ba1d-4be5-857c-c60b38fc0ff6/26f356cb-6d29-43be-a1da-649876540ea6/6d479abf-c006-4bf3-b6cb-21bcf6d57fc4/digital/system/imported_rtl/temp_monitor_digital.v:86$20'.
No latch inferred for signal `\temp_monitor_digital.\enable_reg_next' from process `\temp_monitor_digital.$proc$/root/chiploop-backend/artifacts/3c6dfa47-ba1d-4be5-857c-c60b38fc0ff6/26f356cb-6d29-43be-a1da-649876540ea6/6d479abf-c006-4bf3-b6cb-21bcf6d57fc4/digital/system/imported_rtl/temp_monitor_digital.v:86$20'.
No latch inferred for signal `\temp_monitor_digital.\irq_enable_reg_next' from process `\temp_monitor_digital.$proc$/root/chiploop-backend/artifacts/3c6dfa47-ba1d-4be5-857c-c60b38fc0ff6/26f356cb-6d29-43be-a1da-649876540ea6/6d479abf-c006-4bf3-b6cb-21bcf6d57fc4/digital/system/imported_rtl/temp_monitor_digital.v:86$20'.
No latch inferred for signal `\temp_monitor_digital.\threshold_code_next' from process `\temp_monitor_digital.$proc$/root/chiploop-backend/artifacts/3c6dfa47-ba1d-4be5-857c-c60b38fc0ff6/26f356cb-6d29-43be-a1da-649876540ea6/6d479abf-c006-4bf3-b6cb-21bcf6d57fc4/digital/system/imported_rtl/temp_monitor_digital.v:86$20'.
No latch inferred for signal `\temp_sensor_adc_model.\sample_req_d' from process `\temp_sensor_adc_model.$proc$/root/chiploop-backend/artifacts/3c6dfa47-ba1d-4be5-857c-c60b38fc0ff6/26f356cb-6d29-43be-a1da-649876540ea6/6d479abf-c006-4bf3-b6cb-21bcf6d57fc4/digital/system/imported_rtl/temp_sensor_adc_model.v:86$18'.
Removing init bit 1'0 for non-memory siginal `\temp_sensor_adc_model.\sample_req_d` in process `\temp_sensor_adc_model.$proc$/root/chiploop-backend/artifacts/3c6dfa47-ba1d-4be5-857c-c60b38fc0ff6/26f356cb-6d29-43be-a1da-649876540ea6/6d479abf-c006-4bf3-b6cb-21bcf6d57fc4/digital/system/imported_rtl/temp_sensor_adc_model.v:86$18`.
No latch inferred for signal `\temp_sensor_adc_model.\temp_ext_u' from process `\temp_sensor_adc_model.$proc$/root/chiploop-backend/artifacts/3c6dfa47-ba1d-4be5-857c-c60b38fc0ff6/26f356cb-6d29-43be-a1da-649876540ea6/6d479abf-c006-4bf3-b6cb-21bcf6d57fc4/digital/system/imported_rtl/temp_sensor_adc_model.v:40$4'.
No latch inferred for signal `\temp_sensor_adc_model.\temp_shifted_u' from process `\temp_sensor_adc_model.$proc$/root/chiploop-backend/artifacts/3c6dfa47-ba1d-4be5-857c-c60b38fc0ff6/26f356cb-6d29-43be-a1da-649876540ea6/6d479abf-c006-4bf3-b6cb-21bcf6d57fc4/digital/system/imported_rtl/temp_sensor_adc_model.v:40$4'.
No latch inferred for signal `\temp_sensor_adc_model.\temp_signed' from process `\temp_sensor_adc_model.$proc$/root/chiploop-backend/artifacts/3c6dfa47-ba1d-4be5-857c-c60b38fc0ff6/26f356cb-6d29-43be-a1da-649876540ea6/6d479abf-c006-4bf3-b6cb-21bcf6d57fc4/digital/system/imported_rtl/temp_sensor_adc_model.v:40$4'.
No latch inferred for signal `\temp_sensor_adc_model.\gain_term' from process `\temp_sensor_adc_model.$proc$/root/chiploop-backend/artifacts/3c6dfa47-ba1d-4be5-857c-c60b38fc0ff6/26f356cb-6d29-43be-a1da-649876540ea6/6d479abf-c006-4bf3-b6cb-21bcf6d57fc4/digital/system/imported_rtl/temp_sensor_adc_model.v:40$4'.
No latch inferred for signal `\temp_sensor_adc_model.\offset_term' from process `\temp_sensor_adc_model.$proc$/root/chiploop-backend/artifacts/3c6dfa47-ba1d-4be5-857c-c60b38fc0ff6/26f356cb-6d29-43be-a1da-649876540ea6/6d479abf-c006-4bf3-b6cb-21bcf6d57fc4/digital/system/imported_rtl/temp_sensor_adc_model.v:40$4'.
No latch inferred for signal `\temp_sensor_adc_model.\code_calc_signed' from process `\temp_sensor_adc_model.$proc$/root/chiploop-backend/artifacts/3c6dfa47-ba1d-4be5-857c-c60b38fc0ff6/26f356cb-6d29-43be-a1da-649876540ea6/6d479abf-c006-4bf3-b6cb-21bcf6d57fc4/digital/system/imported_rtl/temp_sensor_adc_model.v:40$4'.
No latch inferred for signal `\temp_sensor_adc_model.\code_calc_u' from process `\temp_sensor_adc_model.$proc$/root/chiploop-backend/artifacts/3c6dfa47-ba1d-4be5-857c-c60b38fc0ff6/26f356cb-6d29-43be-a1da-649876540ea6/6d479abf-c006-4bf3-b6cb-21bcf6d57fc4/digital/system/imported_rtl/temp_sensor_adc_model.v:40$4'.
No latch inferred for signal `\temp_sensor_adc_model.\clamped_code' from process `\temp_sensor_adc_model.$proc$/root/chiploop-backend/artifacts/3c6dfa47-ba1d-4be5-857c-c60b38fc0ff6/26f356cb-6d29-43be-a1da-649876540ea6/6d479abf-c006-4bf3-b6cb-21bcf6d57fc4/digital/system/imported_rtl/temp_sensor_adc_model.v:40$4'.
No latch inferred for signal `\temp_sensor_adc_model.\sample_req_rise' from process `\temp_sensor_adc_model.$proc$/root/chiploop-backend/artifacts/3c6dfa47-ba1d-4be5-857c-c60b38fc0ff6/26f356cb-6d29-43be-a1da-649876540ea6/6d479abf-c006-4bf3-b6cb-21bcf6d57fc4/digital/system/imported_rtl/temp_sensor_adc_model.v:36$1'.

6.9. Executing PROC_DFF pass (convert process syncs to FFs).
Creating register for signal `\temp_monitor_digital.\rd_data_r' using process `\temp_monitor_digital.$proc$/root/chiploop-backend/artifacts/3c6dfa47-ba1d-4be5-857c-c60b38fc0ff6/26f356cb-6d29-43be-a1da-649876540ea6/6d479abf-c006-4bf3-b6cb-21bcf6d57fc4/digital/system/imported_rtl/temp_monitor_digital.v:197$32'.
  created $adff cell `$procdff$332' with positive edge clock and negative level reset.
Creating register for signal `\temp_monitor_digital.\sample_req_r' using process `\temp_monitor_digital.$proc$/root/chiploop-backend/artifacts/3c6dfa47-ba1d-4be5-857c-c60b38fc0ff6/26f356cb-6d29-43be-a1da-649876540ea6/6d479abf-c006-4bf3-b6cb-21bcf6d57fc4/digital/system/imported_rtl/temp_monitor_digital.v:197$32'.
  created $adff cell `$procdff$333' with positive edge clock and negative level reset.
Creating register for signal `\temp_monitor_digital.\alert_irq_r' using process `\temp_monitor_digital.$proc$/root/chiploop-backend/artifacts/3c6dfa47-ba1d-4be5-857c-c60b38fc0ff6/26f356cb-6d29-43be-a1da-649876540ea6/6d479abf-c006-4bf3-b6cb-21bcf6d57fc4/digital/system/imported_rtl/temp_monitor_digital.v:197$32'.
  created $adff cell `$procdff$334' with positive edge clock and negative level reset.
Creating register for signal `\temp_monitor_digital.\temp_code_r' using process `\temp_monitor_digital.$proc$/root/chiploop-backend/artifacts/3c6dfa47-ba1d-4be5-857c-c60b38fc0ff6/26f356cb-6d29-43be-a1da-649876540ea6/6d479abf-c006-4bf3-b6cb-21bcf6d57fc4/digital/system/imported_rtl/temp_monitor_digital.v:197$32'.
  created $adff cell `$procdff$335' with positive edge clock and negative level reset.
Creating register for signal `\temp_monitor_digital.\threshold_code_r' using process `\temp_monitor_digital.$proc$/root/chiploop-backend/artifacts/3c6dfa47-ba1d-4be5-857c-c60b38fc0ff6/26f356cb-6d29-43be-a1da-649876540ea6/6d479abf-c006-4bf3-b6cb-21bcf6d57fc4/digital/system/imported_rtl/temp_monitor_digital.v:197$32'.
  created $adff cell `$procdff$336' with positive edge clock and negative level reset.
Creating register for signal `\temp_monitor_digital.\alert_status_r' using process `\temp_monitor_digital.$proc$/root/chiploop-backend/artifacts/3c6dfa47-ba1d-4be5-857c-c60b38fc0ff6/26f356cb-6d29-43be-a1da-649876540ea6/6d479abf-c006-4bf3-b6cb-21bcf6d57fc4/digital/system/imported_rtl/temp_monitor_digital.v:197$32'.
  created $adff cell `$procdff$337' with positive edge clock and negative level reset.
Creating register for signal `\temp_monitor_digital.\enable_reg' using process `\temp_monitor_digital.$proc$/root/chiploop-backend/artifacts/3c6dfa47-ba1d-4be5-857c-c60b38fc0ff6/26f356cb-6d29-43be-a1da-649876540ea6/6d479abf-c006-4bf3-b6cb-21bcf6d57fc4/digital/system/imported_rtl/temp_monitor_digital.v:197$32'.
  created $adff cell `$procdff$338' with positive edge clock and negative level reset.
Creating register for signal `\temp_monitor_digital.\irq_enable_reg' using process `\temp_monitor_digital.$proc$/root/chiploop-backend/artifacts/3c6dfa47-ba1d-4be5-857c-c60b38fc0ff6/26f356cb-6d29-43be-a1da-649876540ea6/6d479abf-c006-4bf3-b6cb-21bcf6d57fc4/digital/system/imported_rtl/temp_monitor_digital.v:197$32'.
  created $adff cell `$procdff$339' with positive edge clock and negative level reset.
Creating register for signal `\temp_monitor_digital.\status_sample_done' using process `\temp_monitor_digital.$proc$/root/chiploop-backend/artifacts/3c6dfa47-ba1d-4be5-857c-c60b38fc0ff6/26f356cb-6d29-43be-a1da-649876540ea6/6d479abf-c006-4bf3-b6cb-21bcf6d57fc4/digital/system/imported_rtl/temp_monitor_digital.v:197$32'.
  created $adff cell `$procdff$340' with positive edge clock and negative level reset.
Creating register for signal `\temp_monitor_digital.\status_alert_pending' using process `\temp_monitor_digital.$proc$/root/chiploop-backend/artifacts/3c6dfa47-ba1d-4be5-857c-c60b38fc0ff6/26f356cb-6d29-43be-a1da-649876540ea6/6d479abf-c006-4bf3-b6cb-21bcf6d57fc4/digital/system/imported_rtl/temp_monitor_digital.v:197$32'.
  created $adff cell `$procdff$341' with positive edge clock and negative level reset.
Creating register for signal `\temp_monitor_digital.\status_adc_valid_seen' using process `\temp_monitor_digital.$proc$/root/chiploop-backend/artifacts/3c6dfa47-ba1d-4be5-857c-c60b38fc0ff6/26f356cb-6d29-43be-a1da-649876540ea6/6d479abf-c006-4bf3-b6cb-21bcf6d57fc4/digital/system/imported_rtl/temp_monitor_digital.v:197$32'.
  created $adff cell `$procdff$342' with positive edge clock and negative level reset.
Creating register for signal `\temp_monitor_digital.\status_busy' using process `\temp_monitor_digital.$proc$/root/chiploop-backend/artifacts/3c6dfa47-ba1d-4be5-857c-c60b38fc0ff6/26f356cb-6d29-43be-a1da-649876540ea6/6d479abf-c006-4bf3-b6cb-21bcf6d57fc4/digital/system/imported_rtl/temp_monitor_digital.v:197$32'.
  created $adff cell `$procdff$343' with positive edge clock and negative level reset.
Creating register for signal `\temp_monitor_digital.\irq_status_alert' using process `\temp_monitor_digital.$proc$/root/chiploop-backend/artifacts/3c6dfa47-ba1d-4be5-857c-c60b38fc0ff6/26f356cb-6d29-43be-a1da-649876540ea6/6d479abf-c006-4bf3-b6cb-21bcf6d57fc4/digital/system/imported_rtl/temp_monitor_digital.v:197$32'.
  created $adff cell `$procdff$344' with positive edge clock and negative level reset.
Creating register for signal `\temp_monitor_digital.\irq_status_sample_done' using process `\temp_monitor_digital.$proc$/root/chiploop-backend/artifacts/3c6dfa47-ba1d-4be5-857c-c60b38fc0ff6/26f356cb-6d29-43be-a1da-649876540ea6/6d479abf-c006-4bf3-b6cb-21bcf6d57fc4/digital/system/imported_rtl/temp_monitor_digital.v:197$32'.
  created $adff cell `$procdff$345' with positive edge clock and negative level reset.
Creating register for signal `\temp_monitor_digital.\latest_temp' using process `\temp_monitor_digital.$proc$/root/chiploop-backend/artifacts/3c6dfa47-ba1d-4be5-857c-c60b38fc0ff6/26f356cb-6d29-43be-a1da-649876540ea6/6d479abf-c006-4bf3-b6cb-21bcf6d57fc4/digital/system/imported_rtl/temp_monitor_digital.v:197$32'.
  created $adff cell `$procdff$346' with positive edge clock and negative level reset.
Creating register for signal `\temp_monitor_digital.\sample_count' using process `\temp_monitor_digital.$proc$/root/chiploop-backend/artifacts/3c6dfa47-ba1d-4be5-857c-c60b38fc0ff6/26f356cb-6d29-43be-a1da-649876540ea6/6d479abf-c006-4bf3-b6cb-21bcf6d57fc4/digital/system/imported_rtl/temp_monitor_digital.v:197$32'.
  created $adff cell `$procdff$347' with positive edge clock and negative level reset.
Creating register for signal `\temp_monitor_digital.\prev_sample' using process `\temp_monitor_digital.$proc$/root/chiploop-backend/artifacts/3c6dfa47-ba1d-4be5-857c-c60b38fc0ff6/26f356cb-6d29-43be-a1da-649876540ea6/6d479abf-c006-4bf3-b6cb-21bcf6d57fc4/digital/system/imported_rtl/temp_monitor_digital.v:197$32'.
  created $adff cell `$procdff$348' with positive edge clock and negative level reset.
Creating register for signal `\temp_monitor_digital.\prev_sample_valid' using process `\temp_monitor_digital.$proc$/root/chiploop-backend/artifacts/3c6dfa47-ba1d-4be5-857c-c60b38fc0ff6/26f356cb-6d29-43be-a1da-649876540ea6/6d479abf-c006-4bf3-b6cb-21bcf6d57fc4/digital/system/imported_rtl/temp_monitor_digital.v:197$32'.
  created $adff cell `$procdff$349' with positive edge clock and negative level reset.
Creating register for signal `\temp_monitor_digital.\sample_req_pending' using process `\temp_monitor_digital.$proc$/root/chiploop-backend/artifacts/3c6dfa47-ba1d-4be5-857c-c60b38fc0ff6/26f356cb-6d29-43be-a1da-649876540ea6/6d479abf-c006-4bf3-b6cb-21bcf6d57fc4/digital/system/imported_rtl/temp_monitor_digital.v:197$32'.
  created $adff cell `$procdff$350' with positive edge clock and negative level reset.
Creating register for signal `\temp_monitor_digital.\sample_req_periodic' using process `\temp_monitor_digital.$proc$/root/chiploop-backend/artifacts/3c6dfa47-ba1d-4be5-857c-c60b38fc0ff6/26f356cb-6d29-43be-a1da-649876540ea6/6d479abf-c006-4bf3-b6cb-21bcf6d57fc4/digital/system/imported_rtl/temp_monitor_digital.v:197$32'.
  created $adff cell `$procdff$351' with positive edge clock and negative level reset.
Creating register for signal `\temp_sensor_adc_model.\last_completed_adc_code' using process `\temp_sensor_adc_model.$pERROR: Multiple edge sensitive events found for this signal!
