=== STDOUT ===
- V e r i l a t i o n   R e p o r t: Verilator 5.047 devel rev v5.046-161-g24918b83b
- Verilator: Built from 0.077 MB sources in 4 modules, into 0.041 MB in 3 C++ files needing 0.000 MB
- Verilator: Walltime 0.017 s (elab=0.002, cvt=0.007, bld=0.000); cpu 0.017 s on 1 threads; allocated 31.352 MB

=== STDERR ===
%Warning-WIDTHEXPAND: sram_mbist_demo_controller.v:69:6: Input port connection 'sram_dout' expects 32 bits on the pin connection, but pin connection's VARREF 'sram_dout' generates 1 bits.
                                                       : ... note: In instance 'sram_mbist_demo_controller'
   69 |     .sram_dout(sram_dout),
      |      ^~~~~~~~~
                      ... For warning description see https://verilator.org/warn/WIDTHEXPAND?v=5.047
                      ... Use "/* verilator lint_off WIDTHEXPAND */" and lint_on around source to disable this message.
%Warning-WIDTHEXPAND: sram_mbist_demo_controller.v:77:6: Output port connection 'sram_addr' expects 6 bits on the pin connection, but pin connection's VARREF 'sram_addr' generates 1 bits.
                                                       : ... note: In instance 'sram_mbist_demo_controller'
   77 |     .sram_addr(sram_addr),
      |      ^~~~~~~~~
%Warning-WIDTHEXPAND: sram_mbist_demo_controller.v:78:6: Output port connection 'sram_din' expects 32 bits on the pin connection, but pin connection's VARREF 'sram_din' generates 1 bits.
                                                       : ... note: In instance 'sram_mbist_demo_controller'
   78 |     .sram_din(sram_din),
      |      ^~~~~~~~
%Warning-WIDTHEXPAND: sram_mbist_demo_controller.v:84:6: Output port connection 'mem_addr_lat' expects 6 bits on the pin connection, but pin connection's VARREF 'mem_addr_lat' generates 1 bits.
                                                       : ... note: In instance 'sram_mbist_demo_controller'
   84 |     .mem_addr_lat(mem_addr_lat),
      |      ^~~~~~~~~~~~
%Warning-WIDTHEXPAND: sram_mbist_demo_controller.v:85:6: Output port connection 'mem_wdata_lat' expects 32 bits on the pin connection, but pin connection's VARREF 'mem_wdata_lat' generates 1 bits.
                                                       : ... note: In instance 'sram_mbist_demo_controller'
   85 |     .mem_wdata_lat(mem_wdata_lat),
      |      ^~~~~~~~~~~~~
%Warning-WIDTHEXPAND: sram_mbist_demo_controller.v:89:6: Output port connection 'last_fail_addr' expects 6 bits on the pin connection, but pin connection's VARREF 'last_fail_addr' generates 1 bits.
                                                       : ... note: In instance 'sram_mbist_demo_controller'
   89 |     .last_fail_addr(last_fail_addr)
      |      ^~~~~~~~~~~~~~
%Warning-WIDTHEXPAND: sram_mbist_demo_controller.v:96:6: Input port connection 'addr' expects 6 bits on the pin connection, but pin connection's VARREF 'sram_addr' generates 1 bits.
                                                       : ... note: In instance 'sram_mbist_demo_controller'
   96 |     .addr(sram_addr),
      |      ^~~~
%Warning-WIDTHEXPAND: sram_mbist_demo_controller.v:97:6: Input port connection 'din' expects 32 bits on the pin connection, but pin connection's VARREF 'sram_din' generates 1 bits.
                                                       : ... note: In instance 'sram_mbist_demo_controller'
   97 |     .din(sram_din),
      |      ^~~
%Warning-WIDTHEXPAND: sram_mbist_demo_controller.v:98:6: Output port connection 'dout' expects 32 bits on the pin connection, but pin connection's VARREF 'sram_dout' generates 1 bits.
                                                       : ... note: In instance 'sram_mbist_demo_controller'
   98 |     .dout(sram_dout)
      |      ^~~~
%Warning-UNUSEDSIGNAL: sram_mbist_demo_controller.v:42:6: Signal is not used: 'irq_enable'
                                                        : ... note: In instance 'sram_mbist_demo_controller'
   42 | wire irq_enable;
      |      ^~~~~~~~~~
                       ... For warning description see https://verilator.org/warn/UNUSEDSIGNAL?v=5.047
                       ... Use "/* verilator lint_off UNUSEDSIGNAL */" and lint_on around source to disable this message.
%Warning-UNUSEDSIGNAL: sram_mbist_demo_controller.v:43:6: Signal is not used: 'mem_write_req'
                                                        : ... note: In instance 'sram_mbist_demo_controller'
   43 | wire mem_write_req;
      |      ^~~~~~~~~~~~~
%Warning-UNUSEDSIGNAL: sram_mbist_demo_controller.v:44:6: Signal is not used: 'mem_read_req'
                                                        : ... note: In instance 'sram_mbist_demo_controller'
   44 | wire mem_read_req;
      |      ^~~~~~~~~~~~
%Warning-UNUSEDSIGNAL: sram_mbist_demo_controller.v:45:6: Signal is not used: 'bist_req'
                                                        : ... note: In instance 'sram_mbist_demo_controller'
   45 | wire bist_req;
      |      ^~~~~~~~
%Warning-UNUSEDSIGNAL: sram_mbist_demo_controller.v:46:6: Signal is not used: 'bist_clear_result'
                                                        : ... note: In instance 'sram_mbist_demo_controller'
   46 | wire bist_clear_result;
      |      ^~~~~~~~~~~~~~~~~
%Warning-UNUSEDSIGNAL: sram_mbist_demo_controller.v:47:6: Signal is not used: 'mem_addr_lat'
                                                        : ... note: In instance 'sram_mbist_demo_controller'
   47 | wire mem_addr_lat;
      |      ^~~~~~~~~~~~
%Warning-UNUSEDSIGNAL: sram_mbist_demo_controller.v:48:6: Signal is not used: 'mem_wdata_lat'
                                                        : ... note: In instance 'sram_mbist_demo_controller'
   48 | wire mem_wdata_lat;
      |      ^~~~~~~~~~~~~
%Warning-UNUSEDSIGNAL: sram_mbist_demo_controller.v:49:6: Signal is not used: 'irq_status_done'
                                                        : ... note: In instance 'sram_mbist_demo_controller'
   49 | wire irq_status_done;
      |      ^~~~~~~~~~~~~~~
%Warning-UNUSEDSIGNAL: sram_mbist_demo_controller.v:50:6: Signal is not used: 'irq_status_fail'
                                                        : ... note: In instance 'sram_mbist_demo_controller'
   50 | wire irq_status_fail;
      |      ^~~~~~~~~~~~~~~
%Warning-UNUSEDSIGNAL: sram_mbist_demo_controller.v:51:6: Signal is not used: 'bist_running'
                                                        : ... note: In instance 'sram_mbist_demo_controller'
   51 | wire bist_running;
      |      ^~~~~~~~~~~~
%Warning-UNUSEDSIGNAL: sram_mbist_demo_controller.v:52:6: Signal is not used: 'last_fail_addr'
                                                        : ... note: In instance 'sram_mbist_demo_controller'
   52 | wire last_fail_addr;
      |      ^~~~~~~~~~~~~~
%Warning-UNUSEDSIGNAL: sram_mbist_demo_controller_regs.v:96:11: Signal is not used: 'rd_addr_r'
                                                              : ... note: In instance 'sram_mbist_demo_controller.u_regs'
   96 | reg [7:0] rd_addr_r;
      |           ^~~~~~~~~
%Warning-UNUSEDSIGNAL: sram_mbist_demo_controller_regs.v:97:11: Signal is not used: 'wr_addr_r'
                                                              : ... note: In instance 'sram_mbist_demo_controller.u_regs'
   97 | reg [7:0] wr_addr_r;
      |           ^~~~~~~~~
%Warning-UNUSEDSIGNAL: sram_mbist_demo_controller_regs.v:98:12: Signal is not used: 'wr_data_r'
                                                              : ... note: In instance 'sram_mbist_demo_controller.u_regs'
   98 | reg [31:0] wr_data_r;
      |            ^~~~~~~~~
%Warning-UNUSEDSIGNAL: sram_mbist_demo_controller_regs.v:99:5: Signal is not used: 'wr_en_r'
                                                             : ... note: In instance 'sram_mbist_demo_controller.u_regs'
   99 | reg wr_en_r;
      |     ^~~~~~~
%Warning-UNUSEDSIGNAL: sram_mbist_demo_controller_regs.v:100:5: Signal is not used: 'rd_en_r'
                                                              : ... note: In instance 'sram_mbist_demo_controller.u_regs'
  100 | reg rd_en_r;
      |     ^~~~~~~

=== RETURN CODE ===
0
