[2026-06-28T05:04:35.395936Z] Digital Synthesis Agent
workflow_id=41674526-178c-4697-8807-decc13101353
workflow_dir=/root/chiploop-backend/artifacts/3c6dfa47-ba1d-4be5-857c-c60b38fc0ff6/41674526-178c-4697-8807-decc13101353/ba0e4323-1a09-4cd3-a062-2e5e5913a435/digital/arch2synthesis
spec_json=/root/chiploop-backend/artifacts/3c6dfa47-ba1d-4be5-857c-c60b38fc0ff6/41674526-178c-4697-8807-decc13101353/ba0e4323-1a09-4cd3-a062-2e5e5913a435/digital/arch2synthesis/handoff/spec/digital_spec.json
top_module=uart_packet_engine
rtl_count=1
request_target_frequency_mhz=None
clock_period_ns=9.0
upstream_sdc=/root/chiploop-backend/artifacts/3c6dfa47-ba1d-4be5-857c-c60b38fc0ff6/41674526-178c-4697-8807-decc13101353/ba0e4323-1a09-4cd3-a062-2e5e5913a435/digital/arch2synthesis/digital/impl_setup/constraints/uart_packet_engine.sdc
sdc_basename=uart_packet_engine.sdc
synth_sdc_path=artifacts/3c6dfa47-ba1d-4be5-857c-c60b38fc0ff6/41674526-178c-4697-8807-decc13101353/ba0e4323-1a09-4cd3-a062-2e5e5913a435/digital/arch2synthesis/digital/synth/constraints/uart_packet_engine.sdc
state_constraints_sdc=/root/chiploop-backend/artifacts/3c6dfa47-ba1d-4be5-857c-c60b38fc0ff6/41674526-178c-4697-8807-decc13101353/ba0e4323-1a09-4cd3-a062-2e5e5913a435/digital/arch2synthesis/digital/impl_setup/constraints/uart_packet_engine.sdc
pdk_variant=sky130A
macro_lib_count=0
macro_lef_count=0
macro_gds_count=0
macro_spice_count=0
macro_verilog_count=0
pdk_sram_collateral=[]
yosys_macro_lib_script=artifacts/3c6dfa47-ba1d-4be5-857c-c60b38fc0ff6/41674526-178c-4697-8807-decc13101353/ba0e4323-1a09-4cd3-a062-2e5e5913a435/digital/arch2synthesis/digital/synth/yosys_macro_libs.ys
pre_synthesis_rtl_repairs={}
