Netgen 1.5.278 compiled on Sun Sep 29 13:29:03 UTC 2024
Warning: netgen command 'format' use fully-qualified name '::netgen::format'
Warning: netgen command 'global' use fully-qualified name '::netgen::global'
Warning:  A case-insensitive file has been read and so the	verilog file must be treated case-insensitive to match.
Reading SPICE netlist file '/work/lvs/inputs/spice/sky130_ef_sc_hd__fill_12.spice'...
Call to undefined subcircuit sky130_fd_pr__pfet_01v8_hvt
Creating placeholder cell definition.
Call to undefined subcircuit sky130_fd_pr__nfet_01v8
Creating placeholder cell definition.
Reading SPICE netlist file '/work/lvs/inputs/spice/sky130_ef_sc_hd__fill_4.spice'...
Reading SPICE netlist file '/work/lvs/inputs/spice/sky130_fd_sc_hd.spice'...
Call to undefined subcircuit sky130_fd_sc_hd__nand2_2
Creating placeholder cell definition.
Call to undefined subcircuit sky130_fd_sc_hd__nor2_2
Creating placeholder cell definition.
Reading SPICE netlist file '/work/lvs/inputs/spice/sky130_ef_sc_hd__decap_12.spice'...
Reading SPICE netlist file '/work/lvs/inputs/spice/sky130_ef_sc_hd__fill_8.spice'...
Reading SPICE netlist file '/work/lvs/inputs/spice/sky130_ef_sc_hd__fakediode_2.spice'...
Reading SPICE netlist file '/work/lvs/inputs/spice/temp_sensor_adc_model.spice'...
Ignoring line starting with token: .lib
line number 1 = '.lib "$PDK_ROOT/sky130A/libs.tech/ngspice/sky130.lib.spice" tt'
File /work/lvs/inputs/spice/temp_sensor_adc_model.spice read with 1 warning.
Warning:  A case-insensitive file has been read and so the	verilog file must be treated case-insensitive to match.
Note:  Implicit pin "adc_code[0]" in instance u_analog of temp_sensor_adc_model in cell temp_monitor_soc_phys
Note:  Implicit pin "adc_code[10]" in instance u_analog of temp_sensor_adc_model in cell temp_monitor_soc_phys
Note:  Implicit pin "adc_code[11]" in instance u_analog of temp_sensor_adc_model in cell temp_monitor_soc_phys
Note:  Implicit pin "adc_code[1]" in instance u_analog of temp_sensor_adc_model in cell temp_monitor_soc_phys
Note:  Implicit pin "adc_code[2]" in instance u_analog of temp_sensor_adc_model in cell temp_monitor_soc_phys
Note:  Implicit pin "adc_code[3]" in instance u_analog of temp_sensor_adc_model in cell temp_monitor_soc_phys
Note:  Implicit pin "adc_code[4]" in instance u_analog of temp_sensor_adc_model in cell temp_monitor_soc_phys
Note:  Implicit pin "adc_code[5]" in instance u_analog of temp_sensor_adc_model in cell temp_monitor_soc_phys
Note:  Implicit pin "adc_code[6]" in instance u_analog of temp_sensor_adc_model in cell temp_monitor_soc_phys
Note:  Implicit pin "adc_code[7]" in instance u_analog of temp_sensor_adc_model in cell temp_monitor_soc_phys
Note:  Implicit pin "adc_code[8]" in instance u_analog of temp_sensor_adc_model in cell temp_monitor_soc_phys
Note:  Implicit pin "adc_code[9]" in instance u_analog of temp_sensor_adc_model in cell temp_monitor_soc_phys
Note:  Implicit pin "sensor_temp_celsius[0]" in instance u_analog of temp_sensor_adc_model in cell temp_monitor_soc_phys
Note:  Implicit pin "sensor_temp_celsius[10]" in instance u_analog of temp_sensor_adc_model in cell temp_monitor_soc_phys
Note:  Implicit pin "sensor_temp_celsius[11]" in instance u_analog of temp_sensor_adc_model in cell temp_monitor_soc_phys
Note:  Implicit pin "sensor_temp_celsius[12]" in instance u_analog of temp_sensor_adc_model in cell temp_monitor_soc_phys
Note:  Implicit pin "sensor_temp_celsius[13]" in instance u_analog of temp_sensor_adc_model in cell temp_monitor_soc_phys
Note:  Implicit pin "sensor_temp_celsius[14]" in instance u_analog of temp_sensor_adc_model in cell temp_monitor_soc_phys
Note:  Implicit pin "sensor_temp_celsius[15]" in instance u_analog of temp_sensor_adc_model in cell temp_monitor_soc_phys
Note:  Implicit pin "sensor_temp_celsius[1]" in instance u_analog of temp_sensor_adc_model in cell temp_monitor_soc_phys
Note:  Implicit pin "sensor_temp_celsius[2]" in instance u_analog of temp_sensor_adc_model in cell temp_monitor_soc_phys
Note:  Implicit pin "sensor_temp_celsius[3]" in instance u_analog of temp_sensor_adc_model in cell temp_monitor_soc_phys
Note:  Implicit pin "sensor_temp_celsius[4]" in instance u_analog of temp_sensor_adc_model in cell temp_monitor_soc_phys
Note:  Implicit pin "sensor_temp_celsius[5]" in instance u_analog of temp_sensor_adc_model in cell temp_monitor_soc_phys
Note:  Implicit pin "sensor_temp_celsius[6]" in instance u_analog of temp_sensor_adc_model in cell temp_monitor_soc_phys
Note:  Implicit pin "sensor_temp_celsius[7]" in instance u_analog of temp_sensor_adc_model in cell temp_monitor_soc_phys
Note:  Implicit pin "sensor_temp_celsius[8]" in instance u_analog of temp_sensor_adc_model in cell temp_monitor_soc_phys
Note:  Implicit pin "sensor_temp_celsius[9]" in instance u_analog of temp_sensor_adc_model in cell temp_monitor_soc_phys
Error: Bus connected to single port
*** buffer overflow detected ***: terminated
