OpenROAD edf00dff99f6c40d67a30c0e22a8191c5d2ed9d6 
Features included (+) or not (-): +Charts +GPU +GUI +Python
This program is licensed under the BSD-3 license. See the LICENSE file for details.
Components of this program may be licensed under more restrictive licenses which must be honored.
[INFO ODB-0227] LEF file: /pdk/sky130A/libs.ref/sky130_fd_sc_hd/techlef/sky130_fd_sc_hd__nom.tlef, created 13 layers, 25 vias
[WARNING ODB-0220] WARNING (LEFPARS-2008): NOWIREEXTENSIONATPIN statement is obsolete in version 5.6 or later.
The NOWIREEXTENSIONATPIN statement will be ignored. See file /pdk/sky130A/libs.ref/sky130_fd_sc_hd/lef/sky130_fd_sc_hd.lef at line 2.

[INFO ODB-0227] LEF file: /pdk/sky130A/libs.ref/sky130_fd_sc_hd/lef/sky130_fd_sc_hd.lef, created 437 library cells
no_mix
***************************
Preview DFT Report
Number of chains: 4
Clock domain: No Mix
***************************

Scan chain 'chain_0' has 9 cells (9 bits)

  _228_ (clk, rising)
  _229_
  _230_
  _231_
  _232_
  _233_
  _234_
  _235_
  _236_

Scan chain 'chain_1' has 9 cells (9 bits)

  _237_ (clk, rising)
  _238_
  _239_
  _240_
  _241_
  _242_
  _227_
  _259_
  _258_

Scan chain 'chain_2' has 9 cells (9 bits)

  _257_ (clk, rising)
  _256_
  _255_
  _254_
  _253_
  _243_
  _251_
  _250_
  _249_

Scan chain 'chain_3' has 6 cells (6 bits)

  _248_ (clk, rising)
  _247_
  _246_
  _245_
  _244_
  _252_


[INFO DFT-0003] Cell '_227_' is already an scan cell, we will not replace it
[INFO DFT-0003] Cell '_228_' is already an scan cell, we will not replace it
[INFO DFT-0003] Cell '_229_' is already an scan cell, we will not replace it
[INFO DFT-0003] Cell '_230_' is already an scan cell, we will not replace it
[INFO DFT-0003] Cell '_231_' is already an scan cell, we will not replace it
[INFO DFT-0003] Cell '_232_' is already an scan cell, we will not replace it
[INFO DFT-0003] Cell '_233_' is already an scan cell, we will not replace it
[INFO DFT-0003] Cell '_234_' is already an scan cell, we will not replace it
[INFO DFT-0003] Cell '_235_' is already an scan cell, we will not replace it
[INFO DFT-0003] Cell '_236_' is already an scan cell, we will not replace it
[INFO DFT-0003] Cell '_237_' is already an scan cell, we will not replace it
[INFO DFT-0003] Cell '_238_' is already an scan cell, we will not replace it
[INFO DFT-0003] Cell '_239_' is already an scan cell, we will not replace it
[INFO DFT-0003] Cell '_240_' is already an scan cell, we will not replace it
[INFO DFT-0003] Cell '_241_' is already an scan cell, we will not replace it
[INFO DFT-0003] Cell '_242_' is already an scan cell, we will not replace it
[INFO DFT-0003] Cell '_243_' is already an scan cell, we will not replace it
[INFO DFT-0003] Cell '_244_' is already an scan cell, we will not replace it
[INFO DFT-0003] Cell '_245_' is already an scan cell, we will not replace it
[INFO DFT-0003] Cell '_246_' is already an scan cell, we will not replace it
[INFO DFT-0003] Cell '_247_' is already an scan cell, we will not replace it
[INFO DFT-0003] Cell '_248_' is already an scan cell, we will not replace it
[INFO DFT-0003] Cell '_249_' is already an scan cell, we will not replace it
[INFO DFT-0003] Cell '_250_' is already an scan cell, we will not replace it
[INFO DFT-0003] Cell '_251_' is already an scan cell, we will not replace it
[INFO DFT-0003] Cell '_252_' is already an scan cell, we will not replace it
[INFO DFT-0003] Cell '_253_' is already an scan cell, we will not replace it
[INFO DFT-0003] Cell '_254_' is already an scan cell, we will not replace it
[INFO DFT-0003] Cell '_255_' is already an scan cell, we will not replace it
[INFO DFT-0003] Cell '_256_' is already an scan cell, we will not replace it
[INFO DFT-0003] Cell '_257_' is already an scan cell, we will not replace it
[INFO DFT-0003] Cell '_258_' is already an scan cell, we will not replace it
[INFO DFT-0003] Cell '_259_' is already an scan cell, we will not replace it
