[2026-06-28T05:04:10.820209Z] Digital Implementation Setup Agent
workflow_id=41674526-178c-4697-8807-decc13101353
workflow_dir=/root/chiploop-backend/artifacts/3c6dfa47-ba1d-4be5-857c-c60b38fc0ff6/41674526-178c-4697-8807-decc13101353/ba0e4323-1a09-4cd3-a062-2e5e5913a435/digital/arch2synthesis
profile_path=/root/chiploop-backend/artifacts/3c6dfa47-ba1d-4be5-857c-c60b38fc0ff6/41674526-178c-4697-8807-decc13101353/ba0e4323-1a09-4cd3-a062-2e5e5913a435/digital/arch2synthesis/digital/foundry/foundry_profile.json
spec_json=None
top_module=uart_packet_engine
rtl_count=1
clock_port=clk
reset_name=reset_n
clock_mhz=100.0
clock_period_ns=10.0
clock_intent={"type": "digital_clock_intent", "clocks": [{"name": "clk", "port": "clk", "frequency_mhz": 100.0, "period_ns": 10.0, "source": "rtl_port_inference", "needs_user_frequency": false}], "resets": [{"name": "reset_n", "port": "reset_n", "active_low": true, "source": "rtl_port_inference"}], "primary_clock": "clk", "primary_reset": "reset_n", "needs_user_review": false, "provenance": {"requested": true, "sdc_clocks": 0, "spec_clocks": 0, "rtl_clocks": 1, "spec_resets": 0, "rtl_resets": 1}}
request_target_frequency_mhz=None
request_constraints_sdc_present=False
upstream_sdc=None
sdc_source=request_clock_constraints
sdc_basename=uart_packet_engine.sdc
canonical_sdc=/root/chiploop-backend/artifacts/3c6dfa47-ba1d-4be5-857c-c60b38fc0ff6/41674526-178c-4697-8807-decc13101353/ba0e4323-1a09-4cd3-a062-2e5e5913a435/digital/arch2synthesis/digital/impl_setup/constraints/uart_packet_engine.sdc
filelist=/root/chiploop-backend/artifacts/3c6dfa47-ba1d-4be5-857c-c60b38fc0ff6/41674526-178c-4697-8807-decc13101353/ba0e4323-1a09-4cd3-a062-2e5e5913a435/digital/arch2synthesis/digital/impl_setup/filelist.f
pdk=sky130A
pdk_root=/root/chiploop-backend/backend/pdk
openlane_cfg=/root/chiploop-backend/artifacts/3c6dfa47-ba1d-4be5-857c-c60b38fc0ff6/41674526-178c-4697-8807-decc13101353/ba0e4323-1a09-4cd3-a062-2e5e5913a435/digital/arch2synthesis/digital/impl_setup/openlane/config.json
corners=/root/chiploop-backend/artifacts/3c6dfa47-ba1d-4be5-857c-c60b38fc0ff6/41674526-178c-4697-8807-decc13101353/ba0e4323-1a09-4cd3-a062-2e5e5913a435/digital/arch2synthesis/digital/impl_setup/corners.json
