=== STDOUT ===
- V e r i l a t i o n   R e p o r t: Verilator 5.047 devel rev v5.046-161-g24918b83b
- Verilator: Built from 0.075 MB sources in 4 modules, into 0.031 MB in 3 C++ files needing 0.000 MB
- Verilator: Walltime 0.012 s (elab=0.001, cvt=0.006, bld=0.000); cpu 0.012 s on 1 threads; allocated 31.359 MB

=== STDERR ===
%Warning-UNUSEDSIGNAL: sram_mbist_demo_controller.v:27:7: Signal is not used: 'rd_en'
                                                        : ... note: In instance 'sram_mbist_demo_controller'
   27 | input rd_en;
      |       ^~~~~
                       ... For warning description see https://verilator.org/warn/UNUSEDSIGNAL?v=5.047
                       ... Use "/* verilator lint_off UNUSEDSIGNAL */" and lint_on around source to disable this message.
%Warning-UNUSEDSIGNAL: sram_mbist_demo_controller.v:28:13: Signal is not used: 'rd_addr'
                                                         : ... note: In instance 'sram_mbist_demo_controller'
   28 | input [7:0] rd_addr;
      |             ^~~~~~~
%Warning-UNUSEDSIGNAL: sram_mbist_demo_controller.v:42:11: Bits of signal are not used: 'control_reg'[1:0]
                                                         : ... note: In instance 'sram_mbist_demo_controller'
   42 | reg [2:0] control_reg;
      |           ^~~~~~~~~~~
%Warning-UNUSEDSIGNAL: sram_mbist_demo_controller.v:45:11: Signal is not used: 'mem_control_reg'
                                                         : ... note: In instance 'sram_mbist_demo_controller'
   45 | reg [1:0] mem_control_reg;
      |           ^~~~~~~~~~~~~~~
%Warning-UNUSEDSIGNAL: sram_mbist_demo_controller.v:46:11: Bits of signal are not used: 'bist_control_reg'[1]
                                                         : ... note: In instance 'sram_mbist_demo_controller'
   46 | reg [1:0] bist_control_reg;
      |           ^~~~~~~~~~~~~~~~
%Warning-UNUSEDSIGNAL: sram_mbist_demo_controller.v:52:11: Signal is not used: 'last_fail_addr_reg'
                                                         : ... note: In instance 'sram_mbist_demo_controller'
   52 | reg [5:0] last_fail_addr_reg;
      |           ^~~~~~~~~~~~~~~~~~
%Warning-UNUSEDSIGNAL: sram_mbist_demo_controller.v:53:5: Signal is not used: 'bist_req_pending_reg'
                                                        : ... note: In instance 'sram_mbist_demo_controller'
   53 | reg bist_req_pending_reg;
      |     ^~~~~~~~~~~~~~~~~~~~
%Warning-UNUSEDSIGNAL: sram_mbist_demo_controller.v:64:6: Signal is not used: 'bist_fail_event'
                                                        : ... note: In instance 'sram_mbist_demo_controller'
   64 | wire bist_fail_event;
      |      ^~~~~~~~~~~~~~~

=== RETURN CODE ===
0
