=== STDOUT ===
- V e r i l a t i o n   R e p o r t: Verilator 5.047 devel rev v5.046-161-g24918b83b
- Verilator: Built from 0.078 MB sources in 4 modules, into 0.032 MB in 3 C++ files needing 0.000 MB
- Verilator: Walltime 0.013 s (elab=0.001, cvt=0.006, bld=0.000); cpu 0.013 s on 1 threads; allocated 31.352 MB

=== STDERR ===
%Warning-UNUSEDSIGNAL: pass2/sram_mbist_demo_controller.v:27:7: Signal is not used: 'rd_en'
                                                              : ... note: In instance 'sram_mbist_demo_controller'
   27 | input rd_en;
      |       ^~~~~
                       ... For warning description see https://verilator.org/warn/UNUSEDSIGNAL?v=5.047
                       ... Use "/* verilator lint_off UNUSEDSIGNAL */" and lint_on around source to disable this message.
%Warning-UNUSEDSIGNAL: pass2/sram_mbist_demo_controller.v:28:13: Signal is not used: 'rd_addr'
                                                               : ... note: In instance 'sram_mbist_demo_controller'
   28 | input [7:0] rd_addr;
      |             ^~~~~~~
%Warning-UNUSEDSIGNAL: pass2/sram_mbist_demo_controller.v:42:11: Bits of signal are not used: 'control_reg'[1:0]
                                                               : ... note: In instance 'sram_mbist_demo_controller'
   42 | reg [2:0] control_reg;
      |           ^~~~~~~~~~~
%Warning-UNUSEDSIGNAL: pass2/sram_mbist_demo_controller.v:45:11: Signal is not used: 'mem_control_reg'
                                                               : ... note: In instance 'sram_mbist_demo_controller'
   45 | reg [1:0] mem_control_reg;
      |           ^~~~~~~~~~~~~~~
%Warning-UNUSEDSIGNAL: pass2/sram_mbist_demo_controller.v:46:11: Bits of signal are not used: 'bist_control_reg'[1]
                                                               : ... note: In instance 'sram_mbist_demo_controller'
   46 | reg [1:0] bist_control_reg;
      |           ^~~~~~~~~~~~~~~~
%Warning-UNUSEDSIGNAL: pass2/sram_mbist_demo_controller.v:52:11: Signal is not used: 'last_fail_addr_reg'
                                                               : ... note: In instance 'sram_mbist_demo_controller'
   52 | reg [5:0] last_fail_addr_reg;
      |           ^~~~~~~~~~~~~~~~~~
%Warning-UNUSEDSIGNAL: pass2/sram_mbist_demo_controller.v:53:5: Signal is not used: 'bist_req_pending_reg'
                                                              : ... note: In instance 'sram_mbist_demo_controller'
   53 | reg bist_req_pending_reg;
      |     ^~~~~~~~~~~~~~~~~~~~
%Warning-UNUSEDSIGNAL: pass2/sram_mbist_demo_controller.v:64:6: Signal is not used: 'bist_fail_event'
                                                              : ... note: In instance 'sram_mbist_demo_controller'
   64 | wire bist_fail_event;
      |      ^~~~~~~~~~~~~~~
%Warning-UNUSEDSIGNAL: pass2/sram_mbist_demo_controller.v:72:13: Signal is not used: 'sram_model_dout_observation'
                                                               : ... note: In instance 'sram_mbist_demo_controller'
   72 | wire [31:0] sram_model_dout_observation;
      |             ^~~~~~~~~~~~~~~~~~~~~~~~~~~
%Warning-MULTIDRIVEN: pass2/sram_mbist_demo_controller.v:36:8: Bit [0] of signal 'sram_csb' have multiple combinational drivers. This can cause performance degradation.
                                                             : ... note: In instance 'sram_mbist_demo_controller'
                      pass2/sram_mbist_demo_controller.v:80:17: ... Location of offending driver
   80 | assign sram_csb = sram_csb_intent;
      |                 ^
                      pass2/sram_mbist_demo_controller.v:216:17: ... Location of offending driver
  216 | assign sram_csb = ~(mem_write_req | mem_read_req);
      |                 ^
                      ... For warning description see https://verilator.org/warn/MULTIDRIVEN?v=5.047
                      ... Use "/* verilator lint_off MULTIDRIVEN */" and lint_on around source to disable this message.
%Warning-MULTIDRIVEN: pass2/sram_mbist_demo_controller.v:37:8: Bit [0] of signal 'sram_web' have multiple combinational drivers. This can cause performance degradation.
                                                             : ... note: In instance 'sram_mbist_demo_controller'
                      pass2/sram_mbist_demo_controller.v:81:17: ... Location of offending driver
   81 | assign sram_web = sram_web_intent;
      |                 ^
                      pass2/sram_mbist_demo_controller.v:217:17: ... Location of offending driver
  217 | assign sram_web = ~mem_write_req;
      |                 ^

=== RETURN CODE ===
0
