
Magic 8.3 revision 489 - Compiled on Thu Aug 22 13:45:15 UTC 2024.
Starting magic under Tcl interpreter
Using the terminal as the console.
Using NULL graphics device.
Input style sky130(): scaleFactor=2, multiplier=2
The following types are not handled by extraction and will be treated as non-electrical types:
    ubm 
Processing system .magicrc file
Loading "/work/magic_import_spice.tcl" from command line.
Loading sky130A Device Generator Menu ...
Creating layout from temp_sensor_adc_model.sp
Pre-generating subcircuit temp_sensor_adc_model placeholder
Root cell box:
           width x height  (   llx,  lly  ), (   urx,  ury  )

microns:   0.000 x 0.000   ( 0.000,  0.000), ( 0.000,  0.000)
lambda:        0 x 0       (     0,  0    ), (     0,  0    )
Cells already in the layout of temp_sensor_adc_model:
CHIPLOOP_FINAL_BOX=-27 -7356 5292 100
CHIPLOOP_FLAT_BOX=-27 -7356 5292 100
   Generating output for cell sky130_fd_pr__nfet_01v8_9NW3WL
   Generating output for cell sky130_fd_pr__pfet_01v8_MQX2PY
   Generating output for cell sky130_fd_pr__pfet_01v8_XGS3BL
   Generating output for cell sky130_fd_pr__nfet_01v8_648S5X
   Generating output for cell temp_sensor_adc_model
200 problems occurred.  See feedback entries.
Usage: expand or expand toggle
Usage: expand or expand toggle
