before
after
end initialazition
iLastUndetectedFault=1175
iLastUndetectedFault=1174
iLastUndetectedFault=1173
iLastUndetectedFault=1170
iLastUndetectedFault=1168
iLastUndetectedFault=1167
iLastUndetectedFault=1165
iLastUndetectedFault=1163
iLastUndetectedFault=1161
iLastUndetectedFault=1159
iLastUndetectedFault=1158
iLastUndetectedFault=1157
iLastUndetectedFault=1155
iLastUndetectedFault=1151
iLastUndetectedFault=1149
iLastUndetectedFault=1147
iLastUndetectedFault=1145
iLastUndetectedFault=1143
iLastUndetectedFault=1141
iLastUndetectedFault=1139
iLastUndetectedFault=1137
iLastUndetectedFault=1133
iLastUndetectedFault=1131
iLastUndetectedFault=1129
iLastUndetectedFault=1127
iLastUndetectedFault=1125
iLastUndetectedFault=1123
iLastUndetectedFault=1121
iLastUndetectedFault=1119
iLastUndetectedFault=1117
iLastUndetectedFault=1115
iLastUndetectedFault=1113
iLastUndetectedFault=1111
iLastUndetectedFault=1109
iLastUndetectedFault=1107
iLastUndetectedFault=1105
iLastUndetectedFault=1101
iLastUndetectedFault=1099
iLastUndetectedFault=1097
iLastUndetectedFault=1095
iLastUndetectedFault=1093
iLastUndetectedFault=1091
iLastUndetectedFault=1089
iLastUndetectedFault=1083
iLastUndetectedFault=1081
iLastUndetectedFault=1079
iLastUndetectedFault=1077
iLastUndetectedFault=1073
iLastUndetectedFault=1067
iLastUndetectedFault=1063
iLastUndetectedFault=1061
iLastUndetectedFault=1059
iLastUndetectedFault=1057
iLastUndetectedFault=1053
iLastUndetectedFault=1051
iLastUndetectedFault=1049
iLastUndetectedFault=1047
iLastUndetectedFault=1045
iLastUndetectedFault=1043
iLastUndetectedFault=1041
iLastUndetectedFault=1039
iLastUndetectedFault=1037
iLastUndetectedFault=1035
iLastUndetectedFault=1033
iLastUndetectedFault=1031
iLastUndetectedFault=1029
iLastUndetectedFault=1028
iLastUndetectedFault=1026
iLastUndetectedFault=1025
iLastUndetectedFault=1023
iLastUndetectedFault=1021
iLastUndetectedFault=1019
iLastUndetectedFault=1015
iLastUndetectedFault=1013
iLastUndetectedFault=1009
iLastUndetectedFault=1008
iLastUndetectedFault=1007
iLastUndetectedFault=1005
iLastUndetectedFault=1003
iLastUndetectedFault=1002
iLastUndetectedFault=1001
iLastUndetectedFault=1000
iLastUndetectedFault=999
iLastUndetectedFault=998
iLastUndetectedFault=997
iLastUndetectedFault=989
iLastUndetectedFault=987
iLastUndetectedFault=986
iLastUndetectedFault=985
iLastUndetectedFault=983
iLastUndetectedFault=981
iLastUndetectedFault=980
iLastUndetectedFault=979
iLastUndetectedFault=975
iLastUndetectedFault=974
iLastUndetectedFault=973
iLastUndetectedFault=972
iLastUndetectedFault=969
iLastUndetectedFault=968
iLastUndetectedFault=967
iLastUndetectedFault=966
iLastUndetectedFault=965
iLastUndetectedFault=964
iLastUndetectedFault=963
iLastUndetectedFault=962
iLastUndetectedFault=961
iLastUndetectedFault=953
iLastUndetectedFault=952
iLastUndetectedFault=949
iLastUndetectedFault=948
iLastUndetectedFault=945
iLastUndetectedFault=943
iLastUndetectedFault=942
iLastUndetectedFault=941
iLastUndetectedFault=939
iLastUndetectedFault=938
iLastUndetectedFault=937
iLastUndetectedFault=936
iLastUndetectedFault=929
iLastUndetectedFault=928
iLastUndetectedFault=921
iLastUndetectedFault=912
iLastUndetectedFault=911
iLastUndetectedFault=910
iLastUndetectedFault=909
iLastUndetectedFault=903
iLastUndetectedFault=902
iLastUndetectedFault=900
iLastUndetectedFault=899
iLastUndetectedFault=897
iLastUndetectedFault=888
iLastUndetectedFault=887
iLastUndetectedFault=886
iLastUndetectedFault=885
iLastUndetectedFault=884
iLastUndetectedFault=880
iLastUndetectedFault=879
iLastUndetectedFault=877
iLastUndetectedFault=875
iLastUndetectedFault=873
iLastUndetectedFault=872
iLastUndetectedFault=871
iLastUndetectedFault=869
iLastUndetectedFault=867
iLastUndetectedFault=864
iLastUndetectedFault=863
iLastUndetectedFault=859
iLastUndetectedFault=858
iLastUndetectedFault=857
iLastUndetectedFault=855
iLastUndetectedFault=854
iLastUndetectedFault=853
iLastUndetectedFault=852
iLastUndetectedFault=851
iLastUndetectedFault=843
iLastUndetectedFault=842
iLastUndetectedFault=840
iLastUndetectedFault=829
iLastUndetectedFault=828
iLastUndetectedFault=827
iLastUndetectedFault=821
iLastUndetectedFault=812
iLastUndetectedFault=811
iLastUndetectedFault=808
iLastUndetectedFault=806
iLastUndetectedFault=805
iLastUndetectedFault=803
iLastUndetectedFault=802
iLastUndetectedFault=800
iLastUndetectedFault=798
iLastUndetectedFault=797
iLastUndetectedFault=796
iLastUndetectedFault=791
iLastUndetectedFault=789
iLastUndetectedFault=788
iLastUndetectedFault=787
iLastUndetectedFault=786
iLastUndetectedFault=784
iLastUndetectedFault=783
iLastUndetectedFault=781
iLastUndetectedFault=778
iLastUndetectedFault=773
iLastUndetectedFault=767
iLastUndetectedFault=764
iLastUndetectedFault=763
iLastUndetectedFault=761
iLastUndetectedFault=760
iLastUndetectedFault=750
iLastUndetectedFault=744
iLastUndetectedFault=742
iLastUndetectedFault=741
iLastUndetectedFault=740
iLastUndetectedFault=739
iLastUndetectedFault=738
iLastUndetectedFault=734
iLastUndetectedFault=733
iLastUndetectedFault=730
iLastUndetectedFault=729
iLastUndetectedFault=726
iLastUndetectedFault=725
iLastUndetectedFault=700
iLastUndetectedFault=681
iLastUndetectedFault=680
iLastUndetectedFault=676
iLastUndetectedFault=672
iLastUndetectedFault=666
iLastUndetectedFault=659
iLastUndetectedFault=658
iLastUndetectedFault=651
iLastUndetectedFault=650
iLastUndetectedFault=643
iLastUndetectedFault=642
iLastUndetectedFault=635
iLastUndetectedFault=634
iLastUndetectedFault=627
iLastUndetectedFault=626
iLastUndetectedFault=619
iLastUndetectedFault=618
iLastUndetectedFault=611
iLastUndetectedFault=610
iLastUndetectedFault=603
iLastUndetectedFault=602
iLastUndetectedFault=595
iLastUndetectedFault=594
iLastUndetectedFault=590
iLastUndetectedFault=587
iLastUndetectedFault=586
iLastUndetectedFault=579
iLastUndetectedFault=578
iLastUndetectedFault=574
iLastUndetectedFault=571
iLastUndetectedFault=570
iLastUndetectedFault=567
iLastUndetectedFault=563
iLastUndetectedFault=559
iLastUndetectedFault=554
iLastUndetectedFault=551
iLastUndetectedFault=543
iLastUndetectedFault=542
iLastUndetectedFault=541
iLastUndetectedFault=540
iLastUndetectedFault=537
iLastUndetectedFault=535
iLastUndetectedFault=534
iLastUndetectedFault=524
iLastUndetectedFault=516
iLastUndetectedFault=511
iLastUndetectedFault=508
iLastUndetectedFault=500
iLastUndetectedFault=495
iLastUndetectedFault=494
iLastUndetectedFault=492
iLastUndetectedFault=487
iLastUndetectedFault=486
iLastUndetectedFault=484
iLastUndetectedFault=479
iLastUndetectedFault=478
iLastUndetectedFault=476
iLastUndetectedFault=471
iLastUndetectedFault=470
iLastUndetectedFault=468
iLastUndetectedFault=463
iLastUndetectedFault=462
iLastUndetectedFault=460
iLastUndetectedFault=455
iLastUndetectedFault=454
iLastUndetectedFault=452
iLastUndetectedFault=447
iLastUndetectedFault=446
iLastUndetectedFault=444
iLastUndetectedFault=439
iLastUndetectedFault=438
iLastUndetectedFault=436
iLastUndetectedFault=431
iLastUndetectedFault=426
iLastUndetectedFault=418
iLastUndetectedFault=410
iLastUndetectedFault=402
iLastUndetectedFault=394
iLastUndetectedFault=386
iLastUndetectedFault=378
iLastUndetectedFault=370
iLastUndetectedFault=362
iLastUndetectedFault=354
iLastUndetectedFault=346
iLastUndetectedFault=338
iLastUndetectedFault=321
iLastUndetectedFault=292
iLastUndetectedFault=291
iLastUndetectedFault=290
iLastUndetectedFault=275
iLastUndetectedFault=251
iLastUndetectedFault=250
iLastUndetectedFault=215
iLastUndetectedFault=208
iLastUndetectedFault=206
iLastUndetectedFault=184
iLastUndetectedFault=181
iLastUndetectedFault=175
iLastUndetectedFault=162
iLastUndetectedFault=159
iLastUndetectedFault=155
iLastUndetectedFault=101
iLastUndetectedFault=89
iLastUndetectedFault=86
iLastUndetectedFault=83
iLastUndetectedFault=78
iLastUndetectedFault=18
108 108 108 108 108 	*******************************************************
	*                                                     *
	*          Welcome to atalanta (version 2.0)          *
	*                                                     *
	*               Dong S. Ha (ha@vt.edu)                *
	*            Web: http://www.ee.vt.edu/ha             *
	*  Virginia Polytechnic Institute & State University  *
	*                                                     *
	*******************************************************

******   SUMMARY OF TEST PATTERN GENERATION RESULTS   ******
1. Circuit structure
   Name of the circuit                       : Auto-generated_full-scan_combinational_model_for_Atalanta
   Number of primary inputs                  : 108
   Number of primary outputs                 : 86
   Number of gates                           : 440
   Level of the circuit                      : 13

2. ATPG parameters
   Test pattern generation Mode              : RPT + DTPG + TC
   Limit of random patterns (packets)        : 16
   Backtrack limit                           : 10
   Initial random number generator seed      : 1781532895
   Test pattern compaction Mode              : REVERSE + SHUFFLE 
   Limit of shuffling compaction             : 2
   Number of shuffles                        : 6

3. Test pattern generation results
   Number of test patterns before compaction : 295
   Number of test patterns after compaction  : 260
   Fault coverage                            : 98.895 %
   Number of collapsed faults                : 1176
   Number of identified redundant faults     : 8
   Number of aborted faults                  : 5
   Total number of backtrackings             : 63

4. Memory used                               : 0.000 MB

5. CPU time
   Initialization                            : 0.000 Secs
   Fault simulation                          : 0.033 Secs
   FAN                                       : 0.000 Secs
   Total                                     : 0.033 Secs
