[2026-06-15T14:35:17.080050Z] Digital STA PostFill Agent
workflow_id=43c71124-316e-411a-ba15-1e794fa059b8
workflow_dir=/root/chiploop-backend/artifacts/3c6dfa47-ba1d-4be5-857c-c60b38fc0ff6/43c71124-316e-411a-ba15-1e794fa059b8/de6a80c1-7843-495a-a19e-f72bbbbc2fce/digital
upstream_sdc=/root/chiploop-backend/artifacts/3c6dfa47-ba1d-4be5-857c-c60b38fc0ff6/43c71124-316e-411a-ba15-1e794fa059b8/de6a80c1-7843-495a-a19e-f72bbbbc2fce/digital/digital/fill/constraints/top.sdc
sdc_basename=top.sdc
stage_sdc=/root/chiploop-backend/artifacts/3c6dfa47-ba1d-4be5-857c-c60b38fc0ff6/43c71124-316e-411a-ba15-1e794fa059b8/de6a80c1-7843-495a-a19e-f72bbbbc2fce/digital/digital/run_work/inputs/constraints/top.sdc
base_cfg_path=/root/chiploop-backend/artifacts/3c6dfa47-ba1d-4be5-857c-c60b38fc0ff6/43c71124-316e-411a-ba15-1e794fa059b8/de6a80c1-7843-495a-a19e-f72bbbbc2fce/digital/digital/fill/config.json
run_work_dir=/root/chiploop-backend/artifacts/3c6dfa47-ba1d-4be5-857c-c60b38fc0ff6/43c71124-316e-411a-ba15-1e794fa059b8/de6a80c1-7843-495a-a19e-f72bbbbc2fce/digital/digital/run_work
run_tag=System_PD_43c71124-316e-411a-ba15-1e794fa059b8
top_module=temp_monitor_soc_phys
verilog_files_mode=inherited_from_base_config
verilog_files=inputs/netlist/temp_monitor_soc_phys_synth.v
resolved_postfill_netlist=/root/chiploop-backend/artifacts/3c6dfa47-ba1d-4be5-857c-c60b38fc0ff6/43c71124-316e-411a-ba15-1e794fa059b8/de6a80c1-7843-495a-a19e-f72bbbbc2fce/digital/digital/route/netlist/temp_monitor_soc_phys.nl.v
staged_postfill_netlist=None
resolved_postfill_spef=None
staged_postfill_spef=None
macro_lef_count=1
macro_lib_count=1
macro_gds_count=1
macro_placement_cfg=dir::inputs/macros/macro_placement.cfg
macro_placement_cfg_path=/root/chiploop-backend/artifacts/3c6dfa47-ba1d-4be5-857c-c60b38fc0ff6/43c71124-316e-411a-ba15-1e794fa059b8/de6a80c1-7843-495a-a19e-f72bbbbc2fce/digital/digital/run_work/sta_postfill/inputs/macros/macro_placement.cfg
closure_overrides={"CHIPLOOP_SIGNOFF_CLOSURE_ECO": "drc_route_contact_metal_iter_1", "CHIPLOOP_TIMING_CLOSURE_ECO": "setup_iter_1", "DIODE_INSERTION_STRATEGY": 3, "DRT_OPT_ITERS": 96, "GRT_ADJUSTMENT": 0.45, "GRT_ALLOW_CONGESTION": true, "RUN_HEURISTIC_DIODE_INSERTION": true, "RUN_SPEF_EXTRACTION": true}
