[2026-06-14T19:21:21.436663Z] Digital Implementation Setup Agent
workflow_id=0229fcb7-ede5-4185-95d5-2deefa86134d
workflow_dir=/root/chiploop-backend/artifacts/3c6dfa47-ba1d-4be5-857c-c60b38fc0ff6/0229fcb7-ede5-4185-95d5-2deefa86134d/0ac7a25b-9f47-49dd-8c66-c437397a9518/digital/arch2tapeout
profile_path=/root/chiploop-backend/artifacts/3c6dfa47-ba1d-4be5-857c-c60b38fc0ff6/0229fcb7-ede5-4185-95d5-2deefa86134d/0ac7a25b-9f47-49dd-8c66-c437397a9518/digital/arch2tapeout/digital/foundry/foundry_profile.json
spec_json=None
top_module=pwm_controller
rtl_count=2
clock_port=clk
reset_name=reset_n
clock_mhz=50.0
clock_period_ns=20.0
clock_intent={"type": "digital_clock_intent", "clocks": [{"name": "clk", "port": "clk", "frequency_mhz": null, "period_ns": null, "source": "rtl_port_inference", "needs_user_frequency": true}], "resets": [{"name": "reset_n", "port": "reset_n", "active_low": true, "source": "rtl_port_inference"}], "primary_clock": "clk", "primary_reset": "reset_n", "needs_user_review": true, "provenance": {"requested": true, "sdc_clocks": 0, "spec_clocks": 0, "rtl_clocks": 1, "spec_resets": 0, "rtl_resets": 1}}
request_target_frequency_mhz=None
request_constraints_sdc_present=False
upstream_sdc=None
sdc_source=fallback_generated
sdc_basename=pwm_controller.sdc
canonical_sdc=/root/chiploop-backend/artifacts/3c6dfa47-ba1d-4be5-857c-c60b38fc0ff6/0229fcb7-ede5-4185-95d5-2deefa86134d/0ac7a25b-9f47-49dd-8c66-c437397a9518/digital/arch2tapeout/digital/impl_setup/constraints/pwm_controller.sdc
filelist=/root/chiploop-backend/artifacts/3c6dfa47-ba1d-4be5-857c-c60b38fc0ff6/0229fcb7-ede5-4185-95d5-2deefa86134d/0ac7a25b-9f47-49dd-8c66-c437397a9518/digital/arch2tapeout/digital/impl_setup/filelist.f
pdk=sky130A
pdk_root=/root/chiploop-backend/backend/pdk
openlane_cfg=/root/chiploop-backend/artifacts/3c6dfa47-ba1d-4be5-857c-c60b38fc0ff6/0229fcb7-ede5-4185-95d5-2deefa86134d/0ac7a25b-9f47-49dd-8c66-c437397a9518/digital/arch2tapeout/digital/impl_setup/openlane/config.json
corners=/root/chiploop-backend/artifacts/3c6dfa47-ba1d-4be5-857c-c60b38fc0ff6/0229fcb7-ede5-4185-95d5-2deefa86134d/0ac7a25b-9f47-49dd-8c66-c437397a9518/digital/arch2tapeout/digital/impl_setup/corners.json
