[2026-06-16T02:00:38.309400Z] Digital STA PostFill Agent
workflow_id=3e0d84fb-1bc2-4064-a8dc-9ac94ff7a1fc
workflow_dir=/root/chiploop-backend/artifacts/3c6dfa47-ba1d-4be5-857c-c60b38fc0ff6/3e0d84fb-1bc2-4064-a8dc-9ac94ff7a1fc/e297e8a2-39e1-4a30-882c-43b9cde8dfbe/digital
upstream_sdc=/root/chiploop-backend/artifacts/3c6dfa47-ba1d-4be5-857c-c60b38fc0ff6/3e0d84fb-1bc2-4064-a8dc-9ac94ff7a1fc/e297e8a2-39e1-4a30-882c-43b9cde8dfbe/digital/digital/route/constraints/top.sdc
sdc_basename=top.sdc
stage_sdc=/root/chiploop-backend/artifacts/3c6dfa47-ba1d-4be5-857c-c60b38fc0ff6/3e0d84fb-1bc2-4064-a8dc-9ac94ff7a1fc/e297e8a2-39e1-4a30-882c-43b9cde8dfbe/digital/digital/run_work/inputs/constraints/top.sdc
base_cfg_path=/root/chiploop-backend/artifacts/3c6dfa47-ba1d-4be5-857c-c60b38fc0ff6/3e0d84fb-1bc2-4064-a8dc-9ac94ff7a1fc/e297e8a2-39e1-4a30-882c-43b9cde8dfbe/digital/digital/fill/config.json
run_work_dir=/root/chiploop-backend/artifacts/3c6dfa47-ba1d-4be5-857c-c60b38fc0ff6/3e0d84fb-1bc2-4064-a8dc-9ac94ff7a1fc/e297e8a2-39e1-4a30-882c-43b9cde8dfbe/digital/digital/run_work
run_tag=System_PD_3e0d84fb-1bc2-4064-a8dc-9ac94ff7a1fc
top_module=temp_monitor_soc_phys
verilog_files_mode=inherited_from_base_config
verilog_files=inputs/netlist/temp_monitor_soc_phys_synth.v
resolved_postfill_netlist=/root/chiploop-backend/artifacts/3c6dfa47-ba1d-4be5-857c-c60b38fc0ff6/3e0d84fb-1bc2-4064-a8dc-9ac94ff7a1fc/e297e8a2-39e1-4a30-882c-43b9cde8dfbe/digital/digital/route/netlist/temp_monitor_soc_phys.nl.v
staged_postfill_netlist=None
resolved_postfill_spef=None
staged_postfill_spef=None
macro_lef_count=1
macro_lib_count=1
macro_gds_count=1
macro_placement_cfg=dir::inputs/macros/macro_placement.cfg
macro_placement_cfg_path=/root/chiploop-backend/artifacts/3c6dfa47-ba1d-4be5-857c-c60b38fc0ff6/3e0d84fb-1bc2-4064-a8dc-9ac94ff7a1fc/e297e8a2-39e1-4a30-882c-43b9cde8dfbe/digital/digital/run_work/sta_postfill/inputs/macros/macro_placement.cfg
closure_overrides={"CHIPLOOP_SIGNOFF_CLOSURE_ECO": "drc_route_contact_metal_iter_1", "CHIPLOOP_TIMING_CLOSURE_ECO": "setup_iter_1", "RUN_SPEF_EXTRACTION": true}
