before
after
end initialazition
iLastUndetectedFault=664
iLastUndetectedFault=663
iLastUndetectedFault=662
iLastUndetectedFault=660
iLastUndetectedFault=658
iLastUndetectedFault=656
iLastUndetectedFault=654
iLastUndetectedFault=652
iLastUndetectedFault=650
iLastUndetectedFault=648
iLastUndetectedFault=646
iLastUndetectedFault=644
iLastUndetectedFault=642
iLastUndetectedFault=640
iLastUndetectedFault=638
iLastUndetectedFault=634
iLastUndetectedFault=630
iLastUndetectedFault=628
iLastUndetectedFault=626
iLastUndetectedFault=624
iLastUndetectedFault=618
iLastUndetectedFault=616
iLastUndetectedFault=614
iLastUndetectedFault=613
iLastUndetectedFault=612
iLastUndetectedFault=609
iLastUndetectedFault=608
iLastUndetectedFault=604
iLastUndetectedFault=603
iLastUndetectedFault=602
iLastUndetectedFault=600
iLastUndetectedFault=598
iLastUndetectedFault=594
iLastUndetectedFault=592
iLastUndetectedFault=590
iLastUndetectedFault=588
iLastUndetectedFault=586
iLastUndetectedFault=584
iLastUndetectedFault=582
iLastUndetectedFault=578
iLastUndetectedFault=577
iLastUndetectedFault=576
iLastUndetectedFault=574
iLastUndetectedFault=572
iLastUndetectedFault=571
iLastUndetectedFault=570
iLastUndetectedFault=568
iLastUndetectedFault=567
iLastUndetectedFault=564
iLastUndetectedFault=562
iLastUndetectedFault=560
iLastUndetectedFault=554
iLastUndetectedFault=551
iLastUndetectedFault=550
iLastUndetectedFault=549
iLastUndetectedFault=548
iLastUndetectedFault=545
iLastUndetectedFault=544
iLastUndetectedFault=543
iLastUndetectedFault=541
iLastUndetectedFault=534
iLastUndetectedFault=533
iLastUndetectedFault=530
iLastUndetectedFault=529
iLastUndetectedFault=522
iLastUndetectedFault=521
iLastUndetectedFault=520
iLastUndetectedFault=516
iLastUndetectedFault=511
iLastUndetectedFault=510
iLastUndetectedFault=509
iLastUndetectedFault=504
iLastUndetectedFault=503
iLastUndetectedFault=502
iLastUndetectedFault=501
iLastUndetectedFault=498
iLastUndetectedFault=489
iLastUndetectedFault=487
iLastUndetectedFault=485
iLastUndetectedFault=481
iLastUndetectedFault=477
iLastUndetectedFault=462
iLastUndetectedFault=458
iLastUndetectedFault=456
iLastUndetectedFault=449
iLastUndetectedFault=448
iLastUndetectedFault=447
iLastUndetectedFault=445
iLastUndetectedFault=442
iLastUndetectedFault=441
iLastUndetectedFault=438
iLastUndetectedFault=435
iLastUndetectedFault=434
iLastUndetectedFault=431
iLastUndetectedFault=428
iLastUndetectedFault=427
iLastUndetectedFault=424
iLastUndetectedFault=420
iLastUndetectedFault=419
iLastUndetectedFault=416
iLastUndetectedFault=412
iLastUndetectedFault=409
iLastUndetectedFault=405
iLastUndetectedFault=402
iLastUndetectedFault=399
iLastUndetectedFault=398
iLastUndetectedFault=395
iLastUndetectedFault=389
iLastUndetectedFault=388
iLastUndetectedFault=387
iLastUndetectedFault=385
iLastUndetectedFault=383
iLastUndetectedFault=382
iLastUndetectedFault=381
iLastUndetectedFault=379
iLastUndetectedFault=378
iLastUndetectedFault=377
iLastUndetectedFault=376
iLastUndetectedFault=375
iLastUndetectedFault=369
iLastUndetectedFault=368
iLastUndetectedFault=366
iLastUndetectedFault=365
iLastUndetectedFault=363
iLastUndetectedFault=361
iLastUndetectedFault=356
iLastUndetectedFault=355
iLastUndetectedFault=354
iLastUndetectedFault=352
iLastUndetectedFault=350
iLastUndetectedFault=343
iLastUndetectedFault=342
iLastUndetectedFault=341
iLastUndetectedFault=339
iLastUndetectedFault=338
iLastUndetectedFault=336
iLastUndetectedFault=334
iLastUndetectedFault=329
iLastUndetectedFault=325
iLastUndetectedFault=324
iLastUndetectedFault=322
iLastUndetectedFault=320
iLastUndetectedFault=315
iLastUndetectedFault=311
iLastUndetectedFault=310
iLastUndetectedFault=308
iLastUndetectedFault=306
iLastUndetectedFault=301
iLastUndetectedFault=300
iLastUndetectedFault=299
iLastUndetectedFault=297
iLastUndetectedFault=296
iLastUndetectedFault=294
iLastUndetectedFault=292
iLastUndetectedFault=287
iLastUndetectedFault=286
iLastUndetectedFault=285
iLastUndetectedFault=283
iLastUndetectedFault=282
iLastUndetectedFault=280
iLastUndetectedFault=278
iLastUndetectedFault=273
iLastUndetectedFault=270
iLastUndetectedFault=268
iLastUndetectedFault=260
iLastUndetectedFault=256
iLastUndetectedFault=252
iLastUndetectedFault=248
iLastUndetectedFault=244
iLastUndetectedFault=240
iLastUndetectedFault=236
iLastUndetectedFault=232
iLastUndetectedFault=228
iLastUndetectedFault=224
iLastUndetectedFault=220
iLastUndetectedFault=216
iLastUndetectedFault=212
iLastUndetectedFault=204
iLastUndetectedFault=142
iLastUndetectedFault=139
iLastUndetectedFault=130
iLastUndetectedFault=122
iLastUndetectedFault=119
iLastUndetectedFault=114
iLastUndetectedFault=111
iLastUndetectedFault=106
iLastUndetectedFault=103
iLastUndetectedFault=98
iLastUndetectedFault=95
iLastUndetectedFault=90
iLastUndetectedFault=87
iLastUndetectedFault=82
iLastUndetectedFault=79
iLastUndetectedFault=71
iLastUndetectedFault=64
iLastUndetectedFault=60
iLastUndetectedFault=56
iLastUndetectedFault=54
iLastUndetectedFault=50
iLastUndetectedFault=45
iLastUndetectedFault=43
iLastUndetectedFault=40
iLastUndetectedFault=39
iLastUndetectedFault=36
iLastUndetectedFault=35
iLastUndetectedFault=32
iLastUndetectedFault=29
iLastUndetectedFault=24
iLastUndetectedFault=22
iLastUndetectedFault=21
iLastUndetectedFault=20
iLastUndetectedFault=15
51 51 51 51 51 51 51 51 	*******************************************************
	*                                                     *
	*          Welcome to atalanta (version 2.0)          *
	*                                                     *
	*               Dong S. Ha (ha@vt.edu)                *
	*            Web: http://www.ee.vt.edu/ha             *
	*  Virginia Polytechnic Institute & State University  *
	*                                                     *
	*******************************************************

******   SUMMARY OF TEST PATTERN GENERATION RESULTS   ******
1. Circuit structure
   Name of the circuit                       : Auto-generated_full-scan_combinational_model_for_Atalanta
   Number of primary inputs                  : 51
   Number of primary outputs                 : 38
   Number of gates                           : 272
   Level of the circuit                      : 10

2. ATPG parameters
   Test pattern generation Mode              : RPT + DTPG + TC
   Limit of random patterns (packets)        : 16
   Backtrack limit                           : 10
   Initial random number generator seed      : 1781464899
   Test pattern compaction Mode              : REVERSE + SHUFFLE 
   Limit of shuffling compaction             : 2
   Number of shuffles                        : 9

3. Test pattern generation results
   Number of test patterns before compaction : 212
   Number of test patterns after compaction  : 170
   Fault coverage                            : 100.000 %
   Number of collapsed faults                : 665
   Number of identified redundant faults     : 0
   Number of aborted faults                  : 0
   Total number of backtrackings             : 0

4. Memory used                               : 0.000 MB

5. CPU time
   Initialization                            : 0.000 Secs
   Fault simulation                          : 0.000 Secs
   FAN                                       : 0.000 Secs
   Total                                     : 0.000 Secs
