[2026-06-15T06:56:27.291340Z] Digital STA PostRoute Agent
workflow_id=919478b7-46be-40fa-8ff0-688455fbfa56
workflow_dir=/root/chiploop-backend/artifacts/3c6dfa47-ba1d-4be5-857c-c60b38fc0ff6/919478b7-46be-40fa-8ff0-688455fbfa56/bd979697-7a54-4d39-b158-657e0fb25348/digital
upstream_sdc=/root/chiploop-backend/artifacts/3c6dfa47-ba1d-4be5-857c-c60b38fc0ff6/919478b7-46be-40fa-8ff0-688455fbfa56/bd979697-7a54-4d39-b158-657e0fb25348/digital/digital/route/constraints/top.sdc
sdc_basename=top.sdc
stage_sdc=/root/chiploop-backend/artifacts/3c6dfa47-ba1d-4be5-857c-c60b38fc0ff6/919478b7-46be-40fa-8ff0-688455fbfa56/bd979697-7a54-4d39-b158-657e0fb25348/digital/digital/run_work/inputs/constraints/top.sdc
base_cfg_path=/root/chiploop-backend/artifacts/3c6dfa47-ba1d-4be5-857c-c60b38fc0ff6/919478b7-46be-40fa-8ff0-688455fbfa56/bd979697-7a54-4d39-b158-657e0fb25348/digital/digital/run_work/route/config.json
run_work_dir=/root/chiploop-backend/artifacts/3c6dfa47-ba1d-4be5-857c-c60b38fc0ff6/919478b7-46be-40fa-8ff0-688455fbfa56/bd979697-7a54-4d39-b158-657e0fb25348/digital/digital/run_work
run_tag=System_PD_919478b7-46be-40fa-8ff0-688455fbfa56
top_module=temp_monitor_soc_phys
verilog_files_mode=inherited_from_base_config
verilog_files=inputs/netlist/temp_monitor_soc_phys_synth.v
resolved_postroute_netlist=/root/chiploop-backend/artifacts/3c6dfa47-ba1d-4be5-857c-c60b38fc0ff6/919478b7-46be-40fa-8ff0-688455fbfa56/bd979697-7a54-4d39-b158-657e0fb25348/digital/digital/route/netlist/temp_monitor_soc_phys.nl.v
staged_postroute_netlist=None
resolved_postroute_spef=None
staged_postroute_spef=None
macro_lef_count=1
macro_lib_count=1
macro_gds_count=1
macro_placement_cfg=dir::inputs/macros/macro_placement.cfg
macro_placement_cfg_path=/root/chiploop-backend/artifacts/3c6dfa47-ba1d-4be5-857c-c60b38fc0ff6/919478b7-46be-40fa-8ff0-688455fbfa56/bd979697-7a54-4d39-b158-657e0fb25348/digital/digital/run_work/sta_postroute/inputs/macros/macro_placement.cfg
