
Magic 8.3 revision 489 - Compiled on Thu Aug 22 13:45:15 UTC 2024.
Starting magic under Tcl interpreter
Using the terminal as the console.
Using NULL graphics device.
Input style sky130(): scaleFactor=2, multiplier=2
The following types are not handled by extraction and will be treated as non-electrical types:
    ubm 
Processing system .magicrc file
Loading "/work/magic_import_spice.tcl" from command line.
Loading sky130A Device Generator Menu ...
Creating new cell
Root cell box:
           width x height  (   llx,  lly  ), (   urx,  ury  )  area (units^2)

microns:  80.000 x 62.400  ( 0.000,  0.000), ( 80.000,  62.400)  4992.000  
lambda:     8000 x 6240    (     0,  0    ), (  8000,  6240 )  49920000  
CHIPLOOP_FINAL_BOX=0 0 8000 6240
CHIPLOOP_FLAT_BOX=0 0 8000 6240
Root cell box:
           width x height  (   llx,  lly  ), (   urx,  ury  )  area (units^2)

microns:   0.800 x 0.800   ( 84.000,  66.400), ( 84.800,  67.200)  0.640     
lambda:       80 x 80      (  8400,  6640 ), (  8480,  6720 )  6400      
Root cell box:
           width x height  (   llx,  lly  ), (   urx,  ury  )  area (units^2)

microns:   0.800 x 0.800   ( 84.000,  68.000), ( 84.800,  68.800)  0.640     
lambda:       80 x 80      (  8400,  6800 ), (  8480,  6880 )  6400      
Root cell box:
           width x height  (   llx,  lly  ), (   urx,  ury  )  area (units^2)

microns:   0.800 x 0.800   ( 84.000,  69.600), ( 84.800,  70.400)  0.640     
lambda:       80 x 80      (  8400,  6960 ), (  8480,  7040 )  6400      
Root cell box:
           width x height  (   llx,  lly  ), (   urx,  ury  )  area (units^2)

microns:   0.800 x 0.800   ( 84.000,  71.200), ( 84.800,  72.000)  0.640     
lambda:       80 x 80      (  8400,  7120 ), (  8480,  7200 )  6400      
Root cell box:
           width x height  (   llx,  lly  ), (   urx,  ury  )  area (units^2)

microns:   0.800 x 0.800   ( 84.000,  72.800), ( 84.800,  73.600)  0.640     
lambda:       80 x 80      (  8400,  7280 ), (  8480,  7360 )  6400      
Root cell box:
           width x height  (   llx,  lly  ), (   urx,  ury  )  area (units^2)

microns:   0.800 x 0.800   ( 84.000,  74.400), ( 84.800,  75.200)  0.640     
lambda:       80 x 80      (  8400,  7440 ), (  8480,  7520 )  6400      
Root cell box:
           width x height  (   llx,  lly  ), (   urx,  ury  )  area (units^2)

microns:   0.800 x 0.800   ( 84.000,  76.000), ( 84.800,  76.800)  0.640     
lambda:       80 x 80      (  8400,  7600 ), (  8480,  7680 )  6400      
Root cell box:
           width x height  (   llx,  lly  ), (   urx,  ury  )  area (units^2)

microns:   0.800 x 0.800   ( 84.000,  77.600), ( 84.800,  78.400)  0.640     
lambda:       80 x 80      (  8400,  7760 ), (  8480,  7840 )  6400      
Root cell box:
           width x height  (   llx,  lly  ), (   urx,  ury  )  area (units^2)

microns:   0.800 x 0.800   ( 84.000,  79.200), ( 84.800,  80.000)  0.640     
lambda:       80 x 80      (  8400,  7920 ), (  8480,  8000 )  6400      
Root cell box:
           width x height  (   llx,  lly  ), (   urx,  ury  )  area (units^2)

microns:   0.800 x 0.800   ( 84.000,  80.800), ( 84.800,  81.600)  0.640     
lambda:       80 x 80      (  8400,  8080 ), (  8480,  8160 )  6400      
Root cell box:
           width x height  (   llx,  lly  ), (   urx,  ury  )  area (units^2)

microns:   0.800 x 0.800   ( 84.000,  82.400), ( 84.800,  83.200)  0.640     
lambda:       80 x 80      (  8400,  8240 ), (  8480,  8320 )  6400      
Root cell box:
           width x height  (   llx,  lly  ), (   urx,  ury  )  area (units^2)

microns:   0.800 x 0.800   ( 84.000,  84.000), ( 84.800,  84.800)  0.640     
lambda:       80 x 80      (  8400,  8400 ), (  8480,  8480 )  6400      
Root cell box:
           width x height  (   llx,  lly  ), (   urx,  ury  )  area (units^2)

microns:   0.800 x 0.800   ( 84.000,  85.600), ( 84.800,  86.400)  0.640     
lambda:       80 x 80      (  8400,  8560 ), (  8480,  8640 )  6400      
Root cell box:
           width x height  (   llx,  lly  ), (   urx,  ury  )  area (units^2)

microns:   0.800 x 0.800   ( 84.000,  87.200), ( 84.800,  88.000)  0.640     
lambda:       80 x 80      (  8400,  8720 ), (  8480,  8800 )  6400      
Root cell box:
           width x height  (   llx,  lly  ), (   urx,  ury  )  area (units^2)

microns:   0.800 x 0.800   ( 84.000,  88.800), ( 84.800,  89.600)  0.640     
lambda:       80 x 80      (  8400,  8880 ), (  8480,  8960 )  6400      
Root cell box:
           width x height  (   llx,  lly  ), (   urx,  ury  )  area (units^2)

microns:   0.800 x 0.800   ( 84.000,  90.400), ( 84.800,  91.200)  0.640     
lambda:       80 x 80      (  8400,  9040 ), (  8480,  9120 )  6400      
Root cell box:
           width x height  (   llx,  lly  ), (   urx,  ury  )  area (units^2)

microns:   0.800 x 0.800   ( 84.000,  92.000), ( 84.800,  92.800)  0.640     
lambda:       80 x 80      (  8400,  9200 ), (  8480,  9280 )  6400      
Root cell box:
           width x height  (   llx,  lly  ), (   urx,  ury  )  area (units^2)

microns:   0.800 x 0.800   ( 84.000,  93.600), ( 84.800,  94.400)  0.640     
lambda:       80 x 80      (  8400,  9360 ), (  8480,  9440 )  6400      
Root cell box:
           width x height  (   llx,  lly  ), (   urx,  ury  )  area (units^2)

microns:   0.800 x 0.800   ( 84.000,  95.200), ( 84.800,  96.000)  0.640     
lambda:       80 x 80      (  8400,  9520 ), (  8480,  9600 )  6400      
Root cell box:
           width x height  (   llx,  lly  ), (   urx,  ury  )  area (units^2)

microns:   0.800 x 0.800   ( 84.000,  96.800), ( 84.800,  97.600)  0.640     
lambda:       80 x 80      (  8400,  9680 ), (  8480,  9760 )  6400      
Root cell box:
           width x height  (   llx,  lly  ), (   urx,  ury  )  area (units^2)

microns:   0.800 x 0.800   ( 84.000,  98.400), ( 84.800,  99.200)  0.640     
lambda:       80 x 80      (  8400,  9840 ), (  8480,  9920 )  6400      
Root cell box:
           width x height  (   llx,  lly  ), (   urx,  ury  )  area (units^2)

microns:   0.800 x 0.800   ( 84.000,  100.000), ( 84.800,  100.800)  0.640     
lambda:       80 x 80      (  8400,  10000), (  8480,  10080)  6400      
Root cell box:
           width x height  (   llx,  lly  ), (   urx,  ury  )  area (units^2)

microns:   0.800 x 0.800   ( 84.000,  101.600), ( 84.800,  102.400)  0.640     
lambda:       80 x 80      (  8400,  10160), (  8480,  10240)  6400      
Root cell box:
           width x height  (   llx,  lly  ), (   urx,  ury  )  area (units^2)

microns:   0.800 x 0.800   ( 84.000,  103.200), ( 84.800,  104.000)  0.640     
lambda:       80 x 80      (  8400,  10320), (  8480,  10400)  6400      
Root cell box:
           width x height  (   llx,  lly  ), (   urx,  ury  )  area (units^2)

microns:   0.800 x 0.800   ( 84.000,  104.800), ( 84.800,  105.600)  0.640     
lambda:       80 x 80      (  8400,  10480), (  8480,  10560)  6400      
Root cell box:
           width x height  (   llx,  lly  ), (   urx,  ury  )  area (units^2)

microns:   0.800 x 0.800   ( 84.000,  106.400), ( 84.800,  107.200)  0.640     
lambda:       80 x 80      (  8400,  10640), (  8480,  10720)  6400      
Root cell box:
           width x height  (   llx,  lly  ), (   urx,  ury  )  area (units^2)

microns:   0.800 x 0.800   ( 84.000,  108.000), ( 84.800,  108.800)  0.640     
lambda:       80 x 80      (  8400,  10800), (  8480,  10880)  6400      
Root cell box:
           width x height  (   llx,  lly  ), (   urx,  ury  )  area (units^2)

microns:   0.800 x 0.800   ( 84.000,  109.600), ( 84.800,  110.400)  0.640     
lambda:       80 x 80      (  8400,  10960), (  8480,  11040)  6400      
Root cell box:
           width x height  (   llx,  lly  ), (   urx,  ury  )  area (units^2)

microns:   0.800 x 0.800   ( 84.000,  111.200), ( 84.800,  112.000)  0.640     
lambda:       80 x 80      (  8400,  11120), (  8480,  11200)  6400      
Root cell box:
           width x height  (   llx,  lly  ), (   urx,  ury  )  area (units^2)

microns:   0.800 x 0.800   ( 84.000,  112.800), ( 84.800,  113.600)  0.640     
lambda:       80 x 80      (  8400,  11280), (  8480,  11360)  6400      
Root cell box:
           width x height  (   llx,  lly  ), (   urx,  ury  )  area (units^2)

microns:   0.800 x 0.800   ( 84.000,  114.400), ( 84.800,  115.200)  0.640     
lambda:       80 x 80      (  8400,  11440), (  8480,  11520)  6400      
Root cell box:
           width x height  (   llx,  lly  ), (   urx,  ury  )  area (units^2)

microns:   0.800 x 0.800   ( 84.000,  116.000), ( 84.800,  116.800)  0.640     
lambda:       80 x 80      (  8400,  11600), (  8480,  11680)  6400      
Root cell box:
           width x height  (   llx,  lly  ), (   urx,  ury  )  area (units^2)

microns:   0.800 x 0.800   ( 84.000,  117.600), ( 84.800,  118.400)  0.640     
lambda:       80 x 80      (  8400,  11760), (  8480,  11840)  6400      
Root cell box:
           width x height  (   llx,  lly  ), (   urx,  ury  )  area (units^2)

microns:   0.800 x 0.800   ( 84.000,  119.200), ( 84.800,  120.000)  0.640     
lambda:       80 x 80      (  8400,  11920), (  8480,  12000)  6400      
   Generating output for cell temp_sensor_adc_model
Cell temp_sensor_adc_model couldn't be read
No such file or directory
